<?xml version="1.0" encoding="UTF-8" ?>
<testsuite tests="1" failures="0" name="com.wyz.hrm.MyTest" time="0.008" errors="1" skipped="0">
  <properties>
[...]
</properties>
  <testcase classname="com.wyz.hrm.MyTest" name="testsave" time="0.008">
    <error message="Failed to load ApplicationContext" type="java.lang.IllegalStateException">java.lang.IllegalStateException: Failed to load ApplicationContext
	at org.springframework.test.context.cache.DefaultCacheAwareContextLoaderDelegate.loadContext(DefaultCacheAwareContextLoaderDelegate.java:125)
	at org.springframework.test.context.support.DefaultTestContext.getApplicationContext(DefaultTestContext.java:108)
	at org.springframework.test.context.web.ServletTestExecutionListener.setUpRequestContextIfNecessary(ServletTestExecutionListener.java:190)
	at org.springframework.test.context.web.ServletTestExecutionListener.prepareTestInstance(ServletTestExecutionListener.java:132)
	at org.springframework.test.context.TestContextManager.prepareTestInstance(TestContextManager.java:246)
	at org.springframework.test.context.junit4.SpringJUnit4ClassRunner.createTest(SpringJUnit4ClassRunner.java:227)
	at org.springframework.test.context.junit4.SpringJUnit4ClassRunner$1.runReflectiveCall(SpringJUnit4ClassRunner.java:289)
	at org.junit.internal.runners.model.ReflectiveCallable.run(ReflectiveCallable.java:12)
	at org.springframework.test.context.junit4.SpringJUnit4ClassRunner.methodBlock(SpringJUnit4ClassRunner.java:291)
	at org.springframework.test.context.junit4.SpringJUnit4ClassRunner.runChild(SpringJUnit4ClassRunner.java:246)
	at org.springframework.test.context.junit4.SpringJUnit4ClassRunner.runChild(SpringJUnit4ClassRunner.java:97)
	at org.junit.runners.ParentRunner$3.run(ParentRunner.java:290)
	at org.junit.runners.ParentRunner$1.schedule(ParentRunner.java:71)
	at org.junit.runners.ParentRunner.runChildren(ParentRunner.java:288)
	at org.junit.runners.ParentRunner.access$000(ParentRunner.java:58)
	at org.junit.runners.ParentRunner$2.evaluate(ParentRunner.java:268)
	at org.springframework.test.context.junit4.statements.RunBeforeTestClassCallbacks.evaluate(RunBeforeTestClassCallbacks.java:61)
	at org.springframework.test.context.junit4.statements.RunAfterTestClassCallbacks.evaluate(RunAfterTestClassCallbacks.java:70)
	at org.junit.runners.ParentRunner.run(ParentRunner.java:363)
	at org.springframework.test.context.junit4.SpringJUnit4ClassRunner.run(SpringJUnit4ClassRunner.java:190)
	at org.apache.maven.surefire.junit4.JUnit4Provider.execute(JUnit4Provider.java:252)
	at org.apache.maven.surefire.junit4.JUnit4Provider.executeTestSet(JUnit4Provider.java:141)
	at org.apache.maven.surefire.junit4.JUnit4Provider.invoke(JUnit4Provider.java:112)
	at sun.reflect.NativeMethodAccessorImpl.invoke0(Native Method)
	at sun.reflect.NativeMethodAccessorImpl.invoke(NativeMethodAccessorImpl.java:62)
	at sun.reflect.DelegatingMethodAccessorImpl.invoke(DelegatingMethodAccessorImpl.java:43)
	at java.lang.reflect.Method.invoke(Method.java:498)
	at org.apache.maven.surefire.util.ReflectionUtils.invokeMethodWithArray(ReflectionUtils.java:189)
	at org.apache.maven.surefire.booter.ProviderFactory$ProviderProxy.invoke(ProviderFactory.java:165)
	at org.apache.maven.surefire.booter.ProviderFactory.invokeProvider(ProviderFactory.java:85)
	at org.apache.maven.surefire.booter.ForkedBooter.runSuitesInProcess(ForkedBooter.java:115)
	at org.apache.maven.surefire.booter.ForkedBooter.main(ForkedBooter.java:75)
Caused by: org.springframework.beans.factory.UnsatisfiedDependencyException: Error creating bean with name &apos;departmentServiceImpl&apos;: Unsatisfied dependency expressed through field &apos;baseMapper&apos;; nested exception is org.springframework.beans.factory.UnsatisfiedDependencyException: Error creating bean with name &apos;departmentMapper&apos; defined in file [D:\JAVA\ideaproject\hrm_parent\hrm_sysmanage_parent\hrm_sysmanage_service\target\classes\com\wyz\hrm\mapper\DepartmentMapper.class]: Unsatisfied dependency expressed through bean property &apos;sqlSessionFactory&apos;; nested exception is org.springframework.beans.factory.BeanCreationException: Error creating bean with name &apos;sqlSessionFactory&apos; defined in class path resource [com/baomidou/mybatisplus/spring/boot/starter/MybatisPlusAutoConfiguration.class]: Bean instantiation via factory method failed; nested exception is org.springframework.beans.BeanInstantiationException: Failed to instantiate [org.apache.ibatis.session.SqlSessionFactory]: Factory method &apos;sqlSessionFactory&apos; threw exception; nested exception is com.baomidou.mybatisplus.exceptions.MybatisPlusException: Error: GlobalConfigUtils setMetaData Fail !  Cause:org.springframework.beans.factory.BeanCreationException: Error creating bean with name &apos;scopedTarget.dataSource&apos; defined in class path resource [org/springframework/boot/autoconfigure/jdbc/DataSourceConfiguration$Hikari.class]: Bean instantiation via factory method failed; nested exception is org.springframework.beans.BeanInstantiationException: Failed to instantiate [com.zaxxer.hikari.HikariDataSource]: Factory method &apos;dataSource&apos; threw exception; nested exception is org.springframework.boot.autoconfigure.jdbc.DataSourceProperties$DataSourceBeanCreationException: Failed to determine a suitable driver class
	at org.springframework.beans.factory.annotation.AutowiredAnnotationBeanPostProcessor$AutowiredFieldElement.inject(AutowiredAnnotationBeanPostProcessor.java:586)
	at org.springframework.beans.factory.annotation.InjectionMetadata.inject(InjectionMetadata.java:90)
	at org.springframework.beans.factory.annotation.AutowiredAnnotationBeanPostProcessor.postProcessPropertyValues(AutowiredAnnotationBeanPostProcessor.java:372)
	at org.springframework.beans.factory.support.AbstractAutowireCapableBeanFactory.populateBean(AbstractAutowireCapableBeanFactory.java:1341)
	at org.springframework.beans.factory.support.AbstractAutowireCapableBeanFactory.doCreateBean(AbstractAutowireCapableBeanFactory.java:572)
	at org.springframework.beans.factory.support.AbstractAutowireCapableBeanFactory.createBean(AbstractAutowireCapableBeanFactory.java:495)
	at org.springframework.beans.factory.support.AbstractBeanFactory.lambda$doGetBean$0(AbstractBeanFactory.java:317)
	at org.springframework.beans.factory.support.DefaultSingletonBeanRegistry.getSingleton(DefaultSingletonBeanRegistry.java:222)
	at org.springframework.beans.factory.support.AbstractBeanFactory.doGetBean(AbstractBeanFactory.java:315)
	at org.springframework.beans.factory.support.AbstractBeanFactory.getBean(AbstractBeanFactory.java:199)
	at org.springframework.beans.factory.support.DefaultListableBeanFactory.preInstantiateSingletons(DefaultListableBeanFactory.java:759)
	at org.springframework.context.support.AbstractApplicationContext.finishBeanFactoryInitialization(AbstractApplicationContext.java:869)
	at org.springframework.context.support.AbstractApplicationContext.refresh(AbstractApplicationContext.java:550)
	at org.springframework.boot.SpringApplication.refresh(SpringApplication.java:780)
	at org.springframework.boot.SpringApplication.refreshContext(SpringApplication.java:412)
	at org.springframework.boot.SpringApplication.run(SpringApplication.java:333)
	at org.springframework.boot.test.context.SpringBootContextLoader.loadContext(SpringBootContextLoader.java:139)
	at org.springframework.test.context.cache.DefaultCacheAwareContextLoaderDelegate.loadContextInternal(DefaultCacheAwareContextLoaderDelegate.java:99)
	at org.springframework.test.context.cache.DefaultCacheAwareContextLoaderDelegate.loadContext(DefaultCacheAwareContextLoaderDelegate.java:117)
	... 31 more
Caused by: org.springframework.beans.factory.UnsatisfiedDependencyException: Error creating bean with name &apos;departmentMapper&apos; defined in file [D:\JAVA\ideaproject\hrm_parent\hrm_sysmanage_parent\hrm_sysmanage_service\target\classes\com\wyz\hrm\mapper\DepartmentMapper.class]: Unsatisfied dependency expressed through bean property &apos;sqlSessionFactory&apos;; nested exception is org.springframework.beans.factory.BeanCreationException: Error creating bean with name &apos;sqlSessionFactory&apos; defined in class path resource [com/baomidou/mybatisplus/spring/boot/starter/MybatisPlusAutoConfiguration.class]: Bean instantiation via factory method failed; nested exception is org.springframework.beans.BeanInstantiationException: Failed to instantiate [org.apache.ibatis.session.SqlSessionFactory]: Factory method &apos;sqlSessionFactory&apos; threw exception; nested exception is com.baomidou.mybatisplus.exceptions.MybatisPlusException: Error: GlobalConfigUtils setMetaData Fail !  Cause:org.springframework.beans.factory.BeanCreationException: Error creating bean with name &apos;scopedTarget.dataSource&apos; defined in class path resource [org/springframework/boot/autoconfigure/jdbc/DataSourceConfiguration$Hikari.class]: Bean instantiation via factory method failed; nested exception is org.springframework.beans.BeanInstantiationException: Failed to instantiate [com.zaxxer.hikari.HikariDataSource]: Factory method &apos;dataSource&apos; threw exception; nested exception is org.springframework.boot.autoconfigure.jdbc.DataSourceProperties$DataSourceBeanCreationException: Failed to determine a suitable driver class
	at org.springframework.beans.factory.support.AbstractAutowireCapableBeanFactory.autowireByType(AbstractAutowireCapableBeanFactory.java:1436)
	at org.springframework.beans.factory.support.AbstractAutowireCapableBeanFactory.populateBean(AbstractAutowireCapableBeanFactory.java:1323)
	at org.springframework.beans.factory.support.AbstractAutowireCapableBeanFactory.doCreateBean(AbstractAutowireCapableBeanFactory.java:572)
	at org.springframework.beans.factory.support.AbstractAutowireCapableBeanFactory.createBean(AbstractAutowireCapableBeanFactory.java:495)
	at org.springframework.beans.factory.support.AbstractBeanFactory.lambda$doGetBean$0(AbstractBeanFactory.java:317)
	at org.springframework.beans.factory.support.DefaultSingletonBeanRegistry.getSingleton(DefaultSingletonBeanRegistry.java:222)
	at org.springframework.beans.factory.support.AbstractBeanFactory.doGetBean(AbstractBeanFactory.java:315)
	at org.springframework.beans.factory.support.AbstractBeanFactory.getBean(AbstractBeanFactory.java:199)
	at org.springframework.beans.factory.config.DependencyDescriptor.resolveCandidate(DependencyDescriptor.java:251)
	at org.springframework.beans.factory.support.DefaultListableBeanFactory.doResolveDependency(DefaultListableBeanFactory.java:1135)
	at org.springframework.beans.factory.support.DefaultListableBeanFactory.resolveDependency(DefaultListableBeanFactory.java:1062)
	at org.springframework.beans.factory.annotation.AutowiredAnnotationBeanPostProcessor$AutowiredFieldElement.inject(AutowiredAnnotationBeanPostProcessor.java:583)
	... 49 more
Caused by: org.springframework.beans.factory.BeanCreationException: Error creating bean with name &apos;sqlSessionFactory&apos; defined in class path resource [com/baomidou/mybatisplus/spring/boot/starter/MybatisPlusAutoConfiguration.class]: Bean instantiation via factory method failed; nested exception is org.springframework.beans.BeanInstantiationException: Failed to instantiate [org.apache.ibatis.session.SqlSessionFactory]: Factory method &apos;sqlSessionFactory&apos; threw exception; nested exception is com.baomidou.mybatisplus.exceptions.MybatisPlusException: Error: GlobalConfigUtils setMetaData Fail !  Cause:org.springframework.beans.factory.BeanCreationException: Error creating bean with name &apos;scopedTarget.dataSource&apos; defined in class path resource [org/springframework/boot/autoconfigure/jdbc/DataSourceConfiguration$Hikari.class]: Bean instantiation via factory method failed; nested exception is org.springframework.beans.BeanInstantiationException: Failed to instantiate [com.zaxxer.hikari.HikariDataSource]: Factory method &apos;dataSource&apos; threw exception; nested exception is org.springframework.boot.autoconfigure.jdbc.DataSourceProperties$DataSourceBeanCreationException: Failed to determine a suitable driver class
	at org.springframework.beans.factory.support.ConstructorResolver.instantiateUsingFactoryMethod(ConstructorResolver.java:590)
	at org.springframework.beans.factory.support.AbstractAutowireCapableBeanFactory.instantiateUsingFactoryMethod(AbstractAutowireCapableBeanFactory.java:1247)
	at org.springframework.beans.factory.support.AbstractAutowireCapableBeanFactory.createBeanInstance(AbstractAutowireCapableBeanFactory.java:1096)
	at org.springframework.beans.factory.support.AbstractAutowireCapableBeanFactory.doCreateBean(AbstractAutowireCapableBeanFactory.java:535)
	at org.springframework.beans.factory.support.AbstractAutowireCapableBeanFactory.createBean(AbstractAutowireCapableBeanFactory.java:495)
	at org.springframework.beans.factory.support.AbstractBeanFactory.lambda$doGetBean$0(AbstractBeanFactory.java:317)
	at org.springframework.beans.factory.support.DefaultSingletonBeanRegistry.getSingleton(DefaultSingletonBeanRegistry.java:222)
	at org.springframework.beans.factory.support.AbstractBeanFactory.doGetBean(AbstractBeanFactory.java:315)
	at org.springframework.beans.factory.support.AbstractBeanFactory.getBean(AbstractBeanFactory.java:199)
	at org.springframework.beans.factory.config.DependencyDescriptor.resolveCandidate(DependencyDescriptor.java:251)
	at org.springframework.beans.factory.support.DefaultListableBeanFactory.doResolveDependency(DefaultListableBeanFactory.java:1135)
	at org.springframework.beans.factory.support.DefaultListableBeanFactory.resolveDependency(DefaultListableBeanFactory.java:1062)
	at org.springframework.beans.factory.support.AbstractAutowireCapableBeanFactory.autowireByType(AbstractAutowireCapableBeanFactory.java:1421)
	... 60 more
Caused by: org.springframework.beans.BeanInstantiationException: Failed to instantiate [org.apache.ibatis.session.SqlSessionFactory]: Factory method &apos;sqlSessionFactory&apos; threw exception; nested exception is com.baomidou.mybatisplus.exceptions.MybatisPlusException: Error: GlobalConfigUtils setMetaData Fail !  Cause:org.springframework.beans.factory.BeanCreationException: Error creating bean with name &apos;scopedTarget.dataSource&apos; defined in class path resource [org/springframework/boot/autoconfigure/jdbc/DataSourceConfiguration$Hikari.class]: Bean instantiation via factory method failed; nested exception is org.springframework.beans.BeanInstantiationException: Failed to instantiate [com.zaxxer.hikari.HikariDataSource]: Factory method &apos;dataSource&apos; threw exception; nested exception is org.springframework.boot.autoconfigure.jdbc.DataSourceProperties$DataSourceBeanCreationException: Failed to determine a suitable driver class
	at org.springframework.beans.factory.support.SimpleInstantiationStrategy.instantiate(SimpleInstantiationStrategy.java:185)
	at org.springframework.beans.factory.support.ConstructorResolver.instantiateUsingFactoryMethod(ConstructorResolver.java:582)
	... 72 more
Caused by: com.baomidou.mybatisplus.exceptions.MybatisPlusException: Error: GlobalConfigUtils setMetaData Fail !  Cause:org.springframework.beans.factory.BeanCreationException: Error creating bean with name &apos;scopedTarget.dataSource&apos; defined in class path resource [org/springframework/boot/autoconfigure/jdbc/DataSourceConfiguration$Hikari.class]: Bean instantiation via factory method failed; nested exception is org.springframework.beans.BeanInstantiationException: Failed to instantiate [com.zaxxer.hikari.HikariDataSource]: Factory method &apos;dataSource&apos; threw exception; nested exception is org.springframework.boot.autoconfigure.jdbc.DataSourceProperties$DataSourceBeanCreationException: Failed to determine a suitable driver class
	at com.baomidou.mybatisplus.toolkit.GlobalConfigUtils.setMetaData(GlobalConfigUtils.java:196)
	at com.baomidou.mybatisplus.spring.MybatisSqlSessionFactoryBean.buildSqlSessionFactory(MybatisSqlSessionFactoryBean.java:560)
	at com.baomidou.mybatisplus.spring.MybatisSqlSessionFactoryBean.afterPropertiesSet(MybatisSqlSessionFactoryBean.java:385)
	at com.baomidou.mybatisplus.spring.MybatisSqlSessionFactoryBean.getObject(MybatisSqlSessionFactoryBean.java:608)
	at com.baomidou.mybatisplus.spring.boot.starter.MybatisPlusAutoConfiguration.sqlSessionFactory(MybatisPlusAutoConfiguration.java:177)
	at com.baomidou.mybatisplus.spring.boot.starter.MybatisPlusAutoConfiguration$$EnhancerBySpringCGLIB$$ff67cc42.CGLIB$sqlSessionFactory$1(&lt;generated&gt;)
	at com.baomidou.mybatisplus.spring.boot.starter.MybatisPlusAutoConfiguration$$EnhancerBySpringCGLIB$$ff67cc42$$FastClassBySpringCGLIB$$d12a7d20.invoke(&lt;generated&gt;)
	at org.springframework.cglib.proxy.MethodProxy.invokeSuper(MethodProxy.java:228)
	at org.springframework.context.annotation.ConfigurationClassEnhancer$BeanMethodInterceptor.intercept(ConfigurationClassEnhancer.java:365)
	at com.baomidou.mybatisplus.spring.boot.starter.MybatisPlusAutoConfiguration$$EnhancerBySpringCGLIB$$ff67cc42.sqlSessionFactory(&lt;generated&gt;)
	at sun.reflect.NativeMethodAccessorImpl.invoke0(Native Method)
	at sun.reflect.NativeMethodAccessorImpl.invoke(NativeMethodAccessorImpl.java:62)
	at sun.reflect.DelegatingMethodAccessorImpl.invoke(DelegatingMethodAccessorImpl.java:43)
	at java.lang.reflect.Method.invoke(Method.java:498)
	at org.springframework.beans.factory.support.SimpleInstantiationStrategy.instantiate(SimpleInstantiationStrategy.java:154)
	... 73 more
</error>
    <system-out>22:49:17.387 [main] DEBUG org.springframework.test.context.junit4.SpringJUnit4ClassRunner - SpringJUnit4ClassRunner constructor called with [class com.wyz.hrm.MyTest]
22:49:17.392 [main] DEBUG org.springframework.test.context.BootstrapUtils - Instantiating CacheAwareContextLoaderDelegate from class [org.springframework.test.context.cache.DefaultCacheAwareContextLoaderDelegate]
22:49:17.397 [main] DEBUG org.springframework.test.context.BootstrapUtils - Instantiating BootstrapContext using constructor [public org.springframework.test.context.support.DefaultBootstrapContext(java.lang.Class,org.springframework.test.context.CacheAwareContextLoaderDelegate)]
22:49:17.413 [main] DEBUG org.springframework.test.context.BootstrapUtils - Instantiating TestContextBootstrapper for test class [com.wyz.hrm.MyTest] from class [org.springframework.boot.test.context.SpringBootTestContextBootstrapper]
22:49:17.423 [main] INFO org.springframework.boot.test.context.SpringBootTestContextBootstrapper - Neither @ContextConfiguration nor @ContextHierarchy found for test class [com.wyz.hrm.MyTest], using SpringBootContextLoader
22:49:17.426 [main] DEBUG org.springframework.test.context.support.AbstractContextLoader - Did not detect default resource location for test class [com.wyz.hrm.MyTest]: class path resource [com/wyz/hrm/MyTest-context.xml] does not exist
22:49:17.426 [main] DEBUG org.springframework.test.context.support.AbstractContextLoader - Did not detect default resource location for test class [com.wyz.hrm.MyTest]: class path resource [com/wyz/hrm/MyTestContext.groovy] does not exist
22:49:17.426 [main] INFO org.springframework.test.context.support.AbstractContextLoader - Could not detect default resource locations for test class [com.wyz.hrm.MyTest]: no resource found for suffixes {-context.xml, Context.groovy}.
22:49:17.455 [main] DEBUG org.springframework.test.context.support.ActiveProfilesUtils - Could not find an &apos;annotation declaring class&apos; for annotation type [org.springframework.test.context.ActiveProfiles] and class [com.wyz.hrm.MyTest]
22:49:17.577 [main] DEBUG org.springframework.boot.test.context.SpringBootTestContextBootstrapper - @TestExecutionListeners is not present for class [com.wyz.hrm.MyTest]: using defaults.
22:49:17.577 [main] INFO org.springframework.boot.test.context.SpringBootTestContextBootstrapper - Loaded default TestExecutionListener class names from location [META-INF/spring.factories]: [org.springframework.boot.test.mock.mockito.MockitoTestExecutionListener, org.springframework.boot.test.mock.mockito.ResetMocksTestExecutionListener, org.springframework.boot.test.autoconfigure.restdocs.RestDocsTestExecutionListener, org.springframework.boot.test.autoconfigure.web.client.MockRestServiceServerResetTestExecutionListener, org.springframework.boot.test.autoconfigure.web.servlet.MockMvcPrintOnlyOnFailureTestExecutionListener, org.springframework.boot.test.autoconfigure.web.servlet.WebDriverTestExecutionListener, org.springframework.test.context.web.ServletTestExecutionListener, org.springframework.test.context.support.DirtiesContextBeforeModesTestExecutionListener, org.springframework.test.context.support.DependencyInjectionTestExecutionListener, org.springframework.test.context.support.DirtiesContextTestExecutionListener, org.springframework.test.context.transaction.TransactionalTestExecutionListener, org.springframework.test.context.jdbc.SqlScriptsTestExecutionListener]
22:49:17.588 [main] INFO org.springframework.boot.test.context.SpringBootTestContextBootstrapper - Using TestExecutionListeners: [org.springframework.test.context.web.ServletTestExecutionListener@394a2528, org.springframework.test.context.support.DirtiesContextBeforeModesTestExecutionListener@6236eb5f, org.springframework.boot.test.mock.mockito.MockitoTestExecutionListener@7c1e2a9e, org.springframework.boot.test.autoconfigure.SpringBootDependencyInjectionTestExecutionListener@fa36558, org.springframework.test.context.support.DirtiesContextTestExecutionListener@672872e1, org.springframework.test.context.transaction.TransactionalTestExecutionListener@32910148, org.springframework.test.context.jdbc.SqlScriptsTestExecutionListener@3f56875e, org.springframework.boot.test.mock.mockito.ResetMocksTestExecutionListener@2b4bac49, org.springframework.boot.test.autoconfigure.restdocs.RestDocsTestExecutionListener@fd07cbb, org.springframework.boot.test.autoconfigure.web.client.MockRestServiceServerResetTestExecutionListener@3571b748, org.springframework.boot.test.autoconfigure.web.servlet.MockMvcPrintOnlyOnFailureTestExecutionListener@3e96bacf, org.springframework.boot.test.autoconfigure.web.servlet.WebDriverTestExecutionListener@484970b0]
22:49:17.589 [main] DEBUG org.springframework.test.annotation.ProfileValueUtils - Retrieved @ProfileValueSourceConfiguration [null] for test class [com.wyz.hrm.MyTest]
22:49:17.589 [main] DEBUG org.springframework.test.annotation.ProfileValueUtils - Retrieved ProfileValueSource type [class org.springframework.test.annotation.SystemProfileValueSource] for class [com.wyz.hrm.MyTest]
22:49:17.590 [main] DEBUG org.springframework.test.annotation.ProfileValueUtils - Retrieved @ProfileValueSourceConfiguration [null] for test class [com.wyz.hrm.MyTest]
22:49:17.590 [main] DEBUG org.springframework.test.annotation.ProfileValueUtils - Retrieved ProfileValueSource type [class org.springframework.test.annotation.SystemProfileValueSource] for class [com.wyz.hrm.MyTest]
22:49:17.593 [main] DEBUG org.springframework.test.context.support.AbstractDirtiesContextTestExecutionListener - Before test class: context [DefaultTestContext@69fb6037 testClass = MyTest, testInstance = [null], testMethod = [null], testException = [null], mergedContextConfiguration = [WebMergedContextConfiguration@36d585c testClass = MyTest, locations = &apos;{}&apos;, classes = &apos;{class com.wyz.hrm.Sysmanage9001Application, class com.wyz.hrm.Sysmanage9001Application}&apos;, contextInitializerClasses = &apos;[]&apos;, activeProfiles = &apos;{}&apos;, propertySourceLocations = &apos;{}&apos;, propertySourceProperties = &apos;{org.springframework.boot.test.context.SpringBootTestContextBootstrapper=true}&apos;, contextCustomizers = set[org.springframework.boot.test.context.filter.ExcludeFilterContextCustomizer@12405818, org.springframework.boot.test.json.DuplicateJsonObjectContextCustomizerFactory$DuplicateJsonObjectContextCustomizer@6b67034, org.springframework.boot.test.mock.mockito.MockitoContextCustomizer@0, org.springframework.boot.test.web.client.TestRestTemplateContextCustomizer@58fdd99, org.springframework.boot.test.autoconfigure.properties.PropertyMappingContextCustomizer@0, org.springframework.boot.test.autoconfigure.web.servlet.WebDriverContextCustomizerFactory$Customizer@351d0846], resourceBasePath = &apos;src/main/webapp&apos;, contextLoader = &apos;org.springframework.boot.test.context.SpringBootContextLoader&apos;, parent = [null]], attributes = map[&apos;org.springframework.test.context.web.ServletTestExecutionListener.activateListener&apos; -&gt; true]], class annotated with @DirtiesContext [false] with mode [null].
22:49:17.593 [main] DEBUG org.springframework.test.annotation.ProfileValueUtils - Retrieved @ProfileValueSourceConfiguration [null] for test class [com.wyz.hrm.MyTest]
22:49:17.594 [main] DEBUG org.springframework.test.annotation.ProfileValueUtils - Retrieved ProfileValueSource type [class org.springframework.test.annotation.SystemProfileValueSource] for class [com.wyz.hrm.MyTest]
22:49:17.615 [main] DEBUG org.springframework.core.env.StandardEnvironment - Adding PropertySource &apos;systemProperties&apos; with lowest search precedence
22:49:17.616 [main] DEBUG org.springframework.core.env.StandardEnvironment - Adding PropertySource &apos;systemEnvironment&apos; with lowest search precedence
22:49:17.616 [main] DEBUG org.springframework.core.env.StandardEnvironment - Initialized StandardEnvironment with PropertySources [MapPropertySource@1523457748 {name=&apos;systemProperties&apos;, properties={idea.version=2018.1.7, java.runtime.name=Java(TM) SE Runtime Environment, sun.boot.library.path=C:\JAVA\Javainstallbag\jdk\jre\bin, java.vm.version=25.111-b14, java.vm.vendor=Oracle Corporation, java.vendor.url=http://java.oracle.com/, path.separator=;, java.vm.name=Java HotSpot(TM) 64-Bit Server VM, file.encoding.pkg=sun.io, user.country=CN, user.script=, sun.java.launcher=SUN_STANDARD, sun.os.patch.level=, java.vm.specification.name=Java Virtual Machine Specification, user.dir=D:\JAVA\ideaproject\hrm_parent\hrm_sysmanage_parent\hrm_sysmanage_service, java.runtime.version=1.8.0_111-b14, basedir=D:\JAVA\ideaproject\hrm_parent\hrm_sysmanage_parent\hrm_sysmanage_service, java.awt.graphicsenv=sun.awt.Win32GraphicsEnvironment, java.endorsed.dirs=C:\JAVA\Javainstallbag\jdk\jre\lib\endorsed, os.arch=amd64, surefire.real.class.path=D:\JAVA\ideaproject\hrm_parent\hrm_sysmanage_parent\hrm_sysmanage_service\target\surefire\surefirebooter9441727294916258.jar, java.io.tmpdir=C:\Users\43534\AppData\Local\Temp\, line.separator=
, java.vm.specification.vendor=Oracle Corporation, user.variant=, os.name=Windows 10, sun.jnu.encoding=GBK, java.library.path=C:\JAVA\Javainstallbag\jdk\jre\bin;C:\Windows\Sun\Java\bin;C:\Windows\system32;C:\Windows;C:\Program Files (x86)\Python36-32\Scripts\;C:\Program Files (x86)\Python36-32\;C:\Windows\system32;C:\Windows;C:\Windows\System32\Wbem;C:\Windows\System32\WindowsPowerShell\v1.0\;C:\Windows\System32\OpenSSH\;C:\Program Files (x86)\NVIDIA Corporation\PhysX\Common;C:\Program Files\NVIDIA Corporation\NVIDIA NvDLISR;C:\Program Files (x86)\MySQL\MySQL Server 5.5\bin;D:\JAVA\Javainstallbag\node-v10.16.0-x64\;D:\JAVA\Javainstallbag\svn\svnServer\bin;C:\Program Files\TortoiseSVN\bin;D:\JAVA\Javainstallbag\git\tortoiseGit\bin;C:\Users\43534\AppData\Local\Microsoft\WindowsApps;C:\JAVA\Javainstallbag\jdk\bin;C:\Program Files (x86)\MySQL\MySQL Server 5.5\bin;D:\JAVA\Javainstallbag\maven\apache-maven-3.3.9\bin;C:\Users\43534\AppData\Roaming\npm;;., surefire.test.class.path=D:\JAVA\ideaproject\hrm_parent\hrm_sysmanage_parent\hrm_sysmanage_service\target\test-classes;D:\JAVA\ideaproject\hrm_parent\hrm_sysmanage_parent\hrm_sysmanage_service\target\classes;D:\JAVA\Javainstallbag\localstore\repository\com\wyz\hrm_sysmanage_interface\1.0-SNAPSHOT\hrm_sysmanage_interface-1.0-SNAPSHOT.jar;D:\JAVA\Javainstallbag\localstore\repository\com\wyz\hrm_basic_util\1.0-SNAPSHOT\hrm_basic_util-1.0-SNAPSHOT.jar;D:\JAVA\Javainstallbag\localstore\repository\com\baomidou\mybatis-plus\2.2.0\mybatis-plus-2.2.0.jar;D:\JAVA\Javainstallbag\localstore\repository\com\baomidou\mybatis-plus-support\2.2.0\mybatis-plus-support-2.2.0.jar;D:\JAVA\Javainstallbag\localstore\repository\com\baomidou\mybatis-plus-core\2.2.0\mybatis-plus-core-2.2.0.jar;D:\JAVA\Javainstallbag\localstore\repository\com\github\jsqlparser\jsqlparser\1.1\jsqlparser-1.1.jar;D:\JAVA\Javainstallbag\localstore\repository\org\mybatis\mybatis-spring\1.3.2\mybatis-spring-1.3.2.jar;D:\JAVA\Javainstallbag\localstore\repository\org\mybatis\mybatis\3.4.6\mybatis-3.4.6.jar;D:\JAVA\Javainstallbag\localstore\repository\com\baomidou\mybatis-plus-generate\2.2.0\mybatis-plus-generate-2.2.0.jar;D:\JAVA\Javainstallbag\localstore\repository\org\springframework\cloud\spring-cloud-starter-openfeign\2.0.1.RELEASE\spring-cloud-starter-openfeign-2.0.1.RELEASE.jar;D:\JAVA\Javainstallbag\localstore\repository\org\springframework\cloud\spring-cloud-openfeign-core\2.0.1.RELEASE\spring-cloud-openfeign-core-2.0.1.RELEASE.jar;D:\JAVA\Javainstallbag\localstore\repository\org\springframework\cloud\spring-cloud-commons\2.0.1.RELEASE\spring-cloud-commons-2.0.1.RELEASE.jar;D:\JAVA\Javainstallbag\localstore\repository\org\springframework\security\spring-security-crypto\5.0.8.RELEASE\spring-security-crypto-5.0.8.RELEASE.jar;D:\JAVA\Javainstallbag\localstore\repository\io\github\openfeign\feign-core\9.5.1\feign-core-9.5.1.jar;D:\JAVA\Javainstallbag\localstore\repository\io\github\openfeign\feign-slf4j\9.5.1\feign-slf4j-9.5.1.jar;D:\JAVA\Javainstallbag\localstore\repository\io\github\openfeign\feign-hystrix\9.5.1\feign-hystrix-9.5.1.jar;D:\JAVA\Javainstallbag\localstore\repository\com\netflix\hystrix\hystrix-core\1.5.12\hystrix-core-1.5.12.jar;D:\JAVA\Javainstallbag\localstore\repository\org\hdrhistogram\HdrHistogram\2.1.9\HdrHistogram-2.1.9.jar;D:\JAVA\Javainstallbag\localstore\repository\io\github\openfeign\feign-java8\9.5.1\feign-java8-9.5.1.jar;D:\JAVA\Javainstallbag\localstore\repository\org\springframework\boot\spring-boot-starter-web\2.0.5.RELEASE\spring-boot-starter-web-2.0.5.RELEASE.jar;D:\JAVA\Javainstallbag\localstore\repository\org\springframework\boot\spring-boot-starter\2.0.5.RELEASE\spring-boot-starter-2.0.5.RELEASE.jar;D:\JAVA\Javainstallbag\localstore\repository\org\springframework\boot\spring-boot\2.0.5.RELEASE\spring-boot-2.0.5.RELEASE.jar;D:\JAVA\Javainstallbag\localstore\repository\org\springframework\boot\spring-boot-starter-logging\2.0.5.RELEASE\spring-boot-starter-logging-2.0.5.RELEASE.jar;D:\JAVA\Javainstallbag\localstore\repository\ch\qos\logback\logback-classic\1.2.3\logback-classic-1.2.3.jar;D:\JAVA\Javainstallbag\localstore\repository\ch\qos\logback\logback-core\1.2.3\logback-core-1.2.3.jar;D:\JAVA\Javainstallbag\localstore\repository\org\apache\logging\log4j\log4j-to-slf4j\2.10.0\log4j-to-slf4j-2.10.0.jar;D:\JAVA\Javainstallbag\localstore\repository\org\apache\logging\log4j\log4j-api\2.10.0\log4j-api-2.10.0.jar;D:\JAVA\Javainstallbag\localstore\repository\org\slf4j\jul-to-slf4j\1.7.25\jul-to-slf4j-1.7.25.jar;D:\JAVA\Javainstallbag\localstore\repository\javax\annotation\javax.annotation-api\1.3.2\javax.annotation-api-1.3.2.jar;D:\JAVA\Javainstallbag\localstore\repository\org\yaml\snakeyaml\1.19\snakeyaml-1.19.jar;D:\JAVA\Javainstallbag\localstore\repository\org\springframework\boot\spring-boot-starter-json\2.0.5.RELEASE\spring-boot-starter-json-2.0.5.RELEASE.jar;D:\JAVA\Javainstallbag\localstore\repository\com\fasterxml\jackson\datatype\jackson-datatype-jdk8\2.9.6\jackson-datatype-jdk8-2.9.6.jar;D:\JAVA\Javainstallbag\localstore\repository\com\fasterxml\jackson\datatype\jackson-datatype-jsr310\2.9.6\jackson-datatype-jsr310-2.9.6.jar;D:\JAVA\Javainstallbag\localstore\repository\com\fasterxml\jackson\module\jackson-module-parameter-names\2.9.6\jackson-module-parameter-names-2.9.6.jar;D:\JAVA\Javainstallbag\localstore\repository\org\springframework\boot\spring-boot-starter-tomcat\2.0.5.RELEASE\spring-boot-starter-tomcat-2.0.5.RELEASE.jar;D:\JAVA\Javainstallbag\localstore\repository\org\apache\tomcat\embed\tomcat-embed-core\8.5.34\tomcat-embed-core-8.5.34.jar;D:\JAVA\Javainstallbag\localstore\repository\org\apache\tomcat\embed\tomcat-embed-el\8.5.34\tomcat-embed-el-8.5.34.jar;D:\JAVA\Javainstallbag\localstore\repository\org\apache\tomcat\embed\tomcat-embed-websocket\8.5.34\tomcat-embed-websocket-8.5.34.jar;D:\JAVA\Javainstallbag\localstore\repository\org\hibernate\validator\hibernate-validator\6.0.12.Final\hibernate-validator-6.0.12.Final.jar;D:\JAVA\Javainstallbag\localstore\repository\javax\validation\validation-api\2.0.1.Final\validation-api-2.0.1.Final.jar;D:\JAVA\Javainstallbag\localstore\repository\org\jboss\logging\jboss-logging\3.3.2.Final\jboss-logging-3.3.2.Final.jar;D:\JAVA\Javainstallbag\localstore\repository\org\springframework\spring-web\5.0.9.RELEASE\spring-web-5.0.9.RELEASE.jar;D:\JAVA\Javainstallbag\localstore\repository\org\springframework\spring-beans\5.0.9.RELEASE\spring-beans-5.0.9.RELEASE.jar;D:\JAVA\Javainstallbag\localstore\repository\org\springframework\spring-webmvc\5.0.9.RELEASE\spring-webmvc-5.0.9.RELEASE.jar;D:\JAVA\Javainstallbag\localstore\repository\org\springframework\spring-aop\5.0.9.RELEASE\spring-aop-5.0.9.RELEASE.jar;D:\JAVA\Javainstallbag\localstore\repository\org\springframework\spring-context\5.0.9.RELEASE\spring-context-5.0.9.RELEASE.jar;D:\JAVA\Javainstallbag\localstore\repository\org\springframework\spring-expression\5.0.9.RELEASE\spring-expression-5.0.9.RELEASE.jar;D:\JAVA\Javainstallbag\localstore\repository\org\springframework\boot\spring-boot-starter-test\2.0.5.RELEASE\spring-boot-starter-test-2.0.5.RELEASE.jar;D:\JAVA\Javainstallbag\localstore\repository\org\springframework\boot\spring-boot-test\2.0.5.RELEASE\spring-boot-test-2.0.5.RELEASE.jar;D:\JAVA\Javainstallbag\localstore\repository\org\springframework\boot\spring-boot-test-autoconfigure\2.0.5.RELEASE\spring-boot-test-autoconfigure-2.0.5.RELEASE.jar;D:\JAVA\Javainstallbag\localstore\repository\com\jayway\jsonpath\json-path\2.4.0\json-path-2.4.0.jar;D:\JAVA\Javainstallbag\localstore\repository\net\minidev\json-smart\2.3\json-smart-2.3.jar;D:\JAVA\Javainstallbag\localstore\repository\net\minidev\accessors-smart\1.2\accessors-smart-1.2.jar;D:\JAVA\Javainstallbag\localstore\repository\org\ow2\asm\asm\5.0.4\asm-5.0.4.jar;D:\JAVA\Javainstallbag\localstore\repository\junit\junit\4.12\junit-4.12.jar;D:\JAVA\Javainstallbag\localstore\repository\org\assertj\assertj-core\3.9.1\assertj-core-3.9.1.jar;D:\JAVA\Javainstallbag\localstore\repository\org\mockito\mockito-core\2.15.0\mockito-core-2.15.0.jar;D:\JAVA\Javainstallbag\localstore\repository\net\bytebuddy\byte-buddy\1.7.11\byte-buddy-1.7.11.jar;D:\JAVA\Javainstallbag\localstore\repository\net\bytebuddy\byte-buddy-agent\1.7.11\byte-buddy-agent-1.7.11.jar;D:\JAVA\Javainstallbag\localstore\repository\org\objenesis\objenesis\2.6\objenesis-2.6.jar;D:\JAVA\Javainstallbag\localstore\repository\org\hamcrest\hamcrest-core\1.3\hamcrest-core-1.3.jar;D:\JAVA\Javainstallbag\localstore\repository\org\hamcrest\hamcrest-library\1.3\hamcrest-library-1.3.jar;D:\JAVA\Javainstallbag\localstore\repository\org\skyscreamer\jsonassert\1.5.0\jsonassert-1.5.0.jar;D:\JAVA\Javainstallbag\localstore\repository\com\vaadin\external\google\android-json\0.0.20131108.vaadin1\android-json-0.0.20131108.vaadin1.jar;D:\JAVA\Javainstallbag\localstore\repository\org\springframework\spring-core\5.0.9.RELEASE\spring-core-5.0.9.RELEASE.jar;D:\JAVA\Javainstallbag\localstore\repository\org\springframework\spring-jcl\5.0.9.RELEASE\spring-jcl-5.0.9.RELEASE.jar;D:\JAVA\Javainstallbag\localstore\repository\org\springframework\spring-test\5.0.9.RELEASE\spring-test-5.0.9.RELEASE.jar;D:\JAVA\Javainstallbag\localstore\repository\org\xmlunit\xmlunit-core\2.5.1\xmlunit-core-2.5.1.jar;D:\JAVA\Javainstallbag\localstore\repository\org\springframework\cloud\spring-cloud-starter-netflix-eureka-client\2.0.1.RELEASE\spring-cloud-starter-netflix-eureka-client-2.0.1.RELEASE.jar;D:\JAVA\Javainstallbag\localstore\repository\org\springframework\cloud\spring-cloud-starter\2.0.1.RELEASE\spring-cloud-starter-2.0.1.RELEASE.jar;D:\JAVA\Javainstallbag\localstore\repository\org\springframework\cloud\spring-cloud-context\2.0.1.RELEASE\spring-cloud-context-2.0.1.RELEASE.jar;D:\JAVA\Javainstallbag\localstore\repository\org\springframework\security\spring-security-rsa\1.0.5.RELEASE\spring-security-rsa-1.0.5.RELEASE.jar;D:\JAVA\Javainstallbag\localstore\repository\org\bouncycastle\bcpkix-jdk15on\1.56\bcpkix-jdk15on-1.56.jar;D:\JAVA\Javainstallbag\localstore\repository\org\bouncycastle\bcprov-jdk15on\1.56\bcprov-jdk15on-1.56.jar;D:\JAVA\Javainstallbag\localstore\repository\org\springframework\cloud\spring-cloud-netflix-core\2.0.1.RELEASE\spring-cloud-netflix-core-2.0.1.RELEASE.jar;D:\JAVA\Javainstallbag\localstore\repository\org\springframework\boot\spring-boot-starter-aop\2.0.5.RELEASE\spring-boot-starter-aop-2.0.5.RELEASE.jar;D:\JAVA\Javainstallbag\localstore\repository\org\aspectj\aspectjweaver\1.8.13\aspectjweaver-1.8.13.jar;D:\JAVA\Javainstallbag\localstore\repository\org\springframework\cloud\spring-cloud-netflix-eureka-client\2.0.1.RELEASE\spring-cloud-netflix-eureka-client-2.0.1.RELEASE.jar;D:\JAVA\Javainstallbag\localstore\repository\com\netflix\eureka\eureka-client\1.9.3\eureka-client-1.9.3.jar;D:\JAVA\Javainstallbag\localstore\repository\org\codehaus\jettison\jettison\1.3.7\jettison-1.3.7.jar;D:\JAVA\Javainstallbag\localstore\repository\stax\stax-api\1.0.1\stax-api-1.0.1.jar;D:\JAVA\Javainstallbag\localstore\repository\com\netflix\netflix-commons\netflix-eventbus\0.3.0\netflix-eventbus-0.3.0.jar;D:\JAVA\Javainstallbag\localstore\repository\com\netflix\netflix-commons\netflix-infix\0.3.0\netflix-infix-0.3.0.jar;D:\JAVA\Javainstallbag\localstore\repository\commons-jxpath\commons-jxpath\1.3\commons-jxpath-1.3.jar;D:\JAVA\Javainstallbag\localstore\repository\joda-time\joda-time\2.9.9\joda-time-2.9.9.jar;D:\JAVA\Javainstallbag\localstore\repository\org\antlr\antlr-runtime\3.4\antlr-runtime-3.4.jar;D:\JAVA\Javainstallbag\localstore\repository\org\antlr\stringtemplate\3.2.1\stringtemplate-3.2.1.jar;D:\JAVA\Javainstallbag\localstore\repository\antlr\antlr\2.7.7\antlr-2.7.7.jar;D:\JAVA\Javainstallbag\localstore\repository\com\google\code\gson\gson\2.8.5\gson-2.8.5.jar;D:\JAVA\Javainstallbag\localstore\repository\org\apache\commons\commons-math\2.2\commons-math-2.2.jar;D:\JAVA\Javainstallbag\localstore\repository\com\netflix\archaius\archaius-core\0.7.6\archaius-core-0.7.6.jar;D:\JAVA\Javainstallbag\localstore\repository\javax\ws\rs\jsr311-api\1.1.1\jsr311-api-1.1.1.jar;D:\JAVA\Javainstallbag\localstore\repository\com\netflix\servo\servo-core\0.12.21\servo-core-0.12.21.jar;D:\JAVA\Javainstallbag\localstore\repository\com\sun\jersey\jersey-core\1.19.1\jersey-core-1.19.1.jar;D:\JAVA\Javainstallbag\localstore\repository\com\sun\jersey\jersey-client\1.19.1\jersey-client-1.19.1.jar;D:\JAVA\Javainstallbag\localstore\repository\com\sun\jersey\contribs\jersey-apache-client4\1.19.1\jersey-apache-client4-1.19.1.jar;D:\JAVA\Javainstallbag\localstore\repository\org\apache\httpcomponents\httpclient\4.5.6\httpclient-4.5.6.jar;D:\JAVA\Javainstallbag\localstore\repository\org\apache\httpcomponents\httpcore\4.4.10\httpcore-4.4.10.jar;D:\JAVA\Javainstallbag\localstore\repository\commons-codec\commons-codec\1.11\commons-codec-1.11.jar;D:\JAVA\Javainstallbag\localstore\repository\com\google\inject\guice\4.1.0\guice-4.1.0.jar;D:\JAVA\Javainstallbag\localstore\repository\javax\inject\javax.inject\1\javax.inject-1.jar;D:\JAVA\Javainstallbag\localstore\repository\aopalliance\aopalliance\1.0\aopalliance-1.0.jar;D:\JAVA\Javainstallbag\localstore\repository\com\github\vlsi\compactmap\compactmap\1.2.1\compactmap-1.2.1.jar;D:\JAVA\Javainstallbag\localstore\repository\com\github\andrewoma\dexx\dexx-collections\0.2\dexx-collections-0.2.jar;D:\JAVA\Javainstallbag\localstore\repository\com\fasterxml\jackson\core\jackson-annotations\2.9.0\jackson-annotations-2.9.0.jar;D:\JAVA\Javainstallbag\localstore\repository\com\fasterxml\jackson\core\jackson-core\2.9.6\jackson-core-2.9.6.jar;D:\JAVA\Javainstallbag\localstore\repository\com\netflix\eureka\eureka-core\1.9.3\eureka-core-1.9.3.jar;D:\JAVA\Javainstallbag\localstore\repository\org\codehaus\woodstox\woodstox-core-asl\4.4.1\woodstox-core-asl-4.4.1.jar;D:\JAVA\Javainstallbag\localstore\repository\javax\xml\stream\stax-api\1.0-2\stax-api-1.0-2.jar;D:\JAVA\Javainstallbag\localstore\repository\org\codehaus\woodstox\stax2-api\3.1.4\stax2-api-3.1.4.jar;D:\JAVA\Javainstallbag\localstore\repository\org\springframework\cloud\spring-cloud-starter-netflix-archaius\2.0.1.RELEASE\spring-cloud-starter-netflix-archaius-2.0.1.RELEASE.jar;D:\JAVA\Javainstallbag\localstore\repository\org\springframework\cloud\spring-cloud-netflix-ribbon\2.0.1.RELEASE\spring-cloud-netflix-ribbon-2.0.1.RELEASE.jar;D:\JAVA\Javainstallbag\localstore\repository\org\springframework\cloud\spring-cloud-netflix-archaius\2.0.1.RELEASE\spring-cloud-netflix-archaius-2.0.1.RELEASE.jar;D:\JAVA\Javainstallbag\localstore\repository\commons-configuration\commons-configuration\1.8\commons-configuration-1.8.jar;D:\JAVA\Javainstallbag\localstore\repository\commons-lang\commons-lang\2.6\commons-lang-2.6.jar;D:\JAVA\Javainstallbag\localstore\repository\org\springframework\cloud\spring-cloud-starter-netflix-ribbon\2.0.1.RELEASE\spring-cloud-starter-netflix-ribbon-2.0.1.RELEASE.jar;D:\JAVA\Javainstallbag\localstore\repository\com\netflix\ribbon\ribbon\2.2.5\ribbon-2.2.5.jar;D:\JAVA\Javainstallbag\localstore\repository\com\netflix\ribbon\ribbon-transport\2.2.5\ribbon-transport-2.2.5.jar;D:\JAVA\Javainstallbag\localstore\repository\io\reactivex\rxnetty-contexts\0.4.9\rxnetty-contexts-0.4.9.jar;D:\JAVA\Javainstallbag\localstore\repository\io\reactivex\rxnetty-servo\0.4.9\rxnetty-servo-0.4.9.jar;D:\JAVA\Javainstallbag\localstore\repository\io\reactivex\rxnetty\0.4.9\rxnetty-0.4.9.jar;D:\JAVA\Javainstallbag\localstore\repository\io\netty\netty-codec-http\4.1.29.Final\netty-codec-http-4.1.29.Final.jar;D:\JAVA\Javainstallbag\localstore\repository\io\netty\netty-codec\4.1.29.Final\netty-codec-4.1.29.Final.jar;D:\JAVA\Javainstallbag\localstore\repository\io\netty\netty-transport-native-epoll\4.1.29.Final\netty-transport-native-epoll-4.1.29.Final.jar;D:\JAVA\Javainstallbag\localstore\repository\io\netty\netty-common\4.1.29.Final\netty-common-4.1.29.Final.jar;D:\JAVA\Javainstallbag\localstore\repository\io\netty\netty-buffer\4.1.29.Final\netty-buffer-4.1.29.Final.jar;D:\JAVA\Javainstallbag\localstore\repository\io\netty\netty-transport-native-unix-common\4.1.29.Final\netty-transport-native-unix-common-4.1.29.Final.jar;D:\JAVA\Javainstallbag\localstore\repository\io\netty\netty-transport\4.1.29.Final\netty-transport-4.1.29.Final.jar;D:\JAVA\Javainstallbag\localstore\repository\io\netty\netty-resolver\4.1.29.Final\netty-resolver-4.1.29.Final.jar;D:\JAVA\Javainstallbag\localstore\repository\com\netflix\ribbon\ribbon-core\2.2.5\ribbon-core-2.2.5.jar;D:\JAVA\Javainstallbag\localstore\repository\com\netflix\ribbon\ribbon-httpclient\2.2.5\ribbon-httpclient-2.2.5.jar;D:\JAVA\Javainstallbag\localstore\repository\commons-collections\commons-collections\3.2.2\commons-collections-3.2.2.jar;D:\JAVA\Javainstallbag\localstore\repository\com\netflix\netflix-commons\netflix-commons-util\0.3.0\netflix-commons-util-0.3.0.jar;D:\JAVA\Javainstallbag\localstore\repository\com\netflix\ribbon\ribbon-loadbalancer\2.2.5\ribbon-loadbalancer-2.2.5.jar;D:\JAVA\Javainstallbag\localstore\repository\com\netflix\netflix-commons\netflix-statistics\0.1.1\netflix-statistics-0.1.1.jar;D:\JAVA\Javainstallbag\localstore\repository\io\reactivex\rxjava\1.2.0\rxjava-1.2.0.jar;D:\JAVA\Javainstallbag\localstore\repository\com\netflix\ribbon\ribbon-eureka\2.2.5\ribbon-eureka-2.2.5.jar;D:\JAVA\Javainstallbag\localstore\repository\com\thoughtworks\xstream\xstream\1.4.10\xstream-1.4.10.jar;D:\JAVA\Javainstallbag\localstore\repository\xmlpull\xmlpull\1.1.3.1\xmlpull-1.1.3.1.jar;D:\JAVA\Javainstallbag\localstore\repository\xpp3\xpp3_min\1.1.4c\xpp3_min-1.1.4c.jar;D:\JAVA\Javainstallbag\localstore\repository\com\baomidou\mybatis-plus-boot-starter\2.2.0\mybatis-plus-boot-starter-2.2.0.jar;D:\JAVA\Javainstallbag\localstore\repository\org\springframework\boot\spring-boot-autoconfigure\2.0.5.RELEASE\spring-boot-autoconfigure-2.0.5.RELEASE.jar;D:\JAVA\Javainstallbag\localstore\repository\org\springframework\boot\spring-boot-starter-jdbc\2.0.5.RELEASE\spring-boot-starter-jdbc-2.0.5.RELEASE.jar;D:\JAVA\Javainstallbag\localstore\repository\com\zaxxer\HikariCP\2.7.9\HikariCP-2.7.9.jar;D:\JAVA\Javainstallbag\localstore\repository\org\springframework\spring-jdbc\5.0.9.RELEASE\spring-jdbc-5.0.9.RELEASE.jar;D:\JAVA\Javainstallbag\localstore\repository\org\springframework\spring-tx\5.0.9.RELEASE\spring-tx-5.0.9.RELEASE.jar;D:\JAVA\Javainstallbag\localstore\repository\mysql\mysql-connector-java\5.1.47\mysql-connector-java-5.1.47.jar;D:\JAVA\Javainstallbag\localstore\repository\io\springfox\springfox-swagger2\2.9.2\springfox-swagger2-2.9.2.jar;D:\JAVA\Javainstallbag\localstore\repository\io\swagger\swagger-annotations\1.5.20\swagger-annotations-1.5.20.jar;D:\JAVA\Javainstallbag\localstore\repository\io\swagger\swagger-models\1.5.20\swagger-models-1.5.20.jar;D:\JAVA\Javainstallbag\localstore\repository\io\springfox\springfox-spi\2.9.2\springfox-spi-2.9.2.jar;D:\JAVA\Javainstallbag\localstore\repository\io\springfox\springfox-core\2.9.2\springfox-core-2.9.2.jar;D:\JAVA\Javainstallbag\localstore\repository\io\springfox\springfox-schema\2.9.2\springfox-schema-2.9.2.jar;D:\JAVA\Javainstallbag\localstore\repository\io\springfox\springfox-swagger-common\2.9.2\springfox-swagger-common-2.9.2.jar;D:\JAVA\Javainstallbag\localstore\repository\io\springfox\springfox-spring-web\2.9.2\springfox-spring-web-2.9.2.jar;D:\JAVA\Javainstallbag\localstore\repository\com\google\guava\guava\20.0\guava-20.0.jar;D:\JAVA\Javainstallbag\localstore\repository\com\fasterxml\classmate\1.3.4\classmate-1.3.4.jar;D:\JAVA\Javainstallbag\localstore\repository\org\slf4j\slf4j-api\1.7.25\slf4j-api-1.7.25.jar;D:\JAVA\Javainstallbag\localstore\repository\org\springframework\plugin\spring-plugin-core\1.2.0.RELEASE\spring-plugin-core-1.2.0.RELEASE.jar;D:\JAVA\Javainstallbag\localstore\repository\org\springframework\plugin\spring-plugin-metadata\1.2.0.RELEASE\spring-plugin-metadata-1.2.0.RELEASE.jar;D:\JAVA\Javainstallbag\localstore\repository\org\mapstruct\mapstruct\1.2.0.Final\mapstruct-1.2.0.Final.jar;D:\JAVA\Javainstallbag\localstore\repository\io\springfox\springfox-swagger-ui\2.9.2\springfox-swagger-ui-2.9.2.jar;D:\JAVA\Javainstallbag\localstore\repository\org\springframework\cloud\spring-cloud-starter-config\2.0.1.RELEASE\spring-cloud-starter-config-2.0.1.RELEASE.jar;D:\JAVA\Javainstallbag\localstore\repository\org\springframework\cloud\spring-cloud-config-client\2.0.1.RELEASE\spring-cloud-config-client-2.0.1.RELEASE.jar;D:\JAVA\Javainstallbag\localstore\repository\com\fasterxml\jackson\core\jackson-databind\2.9.6\jackson-databind-2.9.6.jar;, java.specification.name=Java Platform API Specification, java.class.version=52.0, sun.management.compiler=HotSpot 64-Bit Tiered Compilers, os.version=10.0, user.home=C:\Users\43534, user.timezone=Asia/Shanghai, java.awt.printerjob=sun.awt.windows.WPrinterJob, file.encoding=GBK, java.specification.version=1.8, java.class.path=D:\JAVA\ideaproject\hrm_parent\hrm_sysmanage_parent\hrm_sysmanage_service\target\test-classes;D:\JAVA\ideaproject\hrm_parent\hrm_sysmanage_parent\hrm_sysmanage_service\target\classes;D:\JAVA\Javainstallbag\localstore\repository\com\wyz\hrm_sysmanage_interface\1.0-SNAPSHOT\hrm_sysmanage_interface-1.0-SNAPSHOT.jar;D:\JAVA\Javainstallbag\localstore\repository\com\wyz\hrm_basic_util\1.0-SNAPSHOT\hrm_basic_util-1.0-SNAPSHOT.jar;D:\JAVA\Javainstallbag\localstore\repository\com\baomidou\mybatis-plus\2.2.0\mybatis-plus-2.2.0.jar;D:\JAVA\Javainstallbag\localstore\repository\com\baomidou\mybatis-plus-support\2.2.0\mybatis-plus-support-2.2.0.jar;D:\JAVA\Javainstallbag\localstore\repository\com\baomidou\mybatis-plus-core\2.2.0\mybatis-plus-core-2.2.0.jar;D:\JAVA\Javainstallbag\localstore\repository\com\github\jsqlparser\jsqlparser\1.1\jsqlparser-1.1.jar;D:\JAVA\Javainstallbag\localstore\repository\org\mybatis\mybatis-spring\1.3.2\mybatis-spring-1.3.2.jar;D:\JAVA\Javainstallbag\localstore\repository\org\mybatis\mybatis\3.4.6\mybatis-3.4.6.jar;D:\JAVA\Javainstallbag\localstore\repository\com\baomidou\mybatis-plus-generate\2.2.0\mybatis-plus-generate-2.2.0.jar;D:\JAVA\Javainstallbag\localstore\repository\org\springframework\cloud\spring-cloud-starter-openfeign\2.0.1.RELEASE\spring-cloud-starter-openfeign-2.0.1.RELEASE.jar;D:\JAVA\Javainstallbag\localstore\repository\org\springframework\cloud\spring-cloud-openfeign-core\2.0.1.RELEASE\spring-cloud-openfeign-core-2.0.1.RELEASE.jar;D:\JAVA\Javainstallbag\localstore\repository\org\springframework\cloud\spring-cloud-commons\2.0.1.RELEASE\spring-cloud-commons-2.0.1.RELEASE.jar;D:\JAVA\Javainstallbag\localstore\repository\org\springframework\security\spring-security-crypto\5.0.8.RELEASE\spring-security-crypto-5.0.8.RELEASE.jar;D:\JAVA\Javainstallbag\localstore\repository\io\github\openfeign\feign-core\9.5.1\feign-core-9.5.1.jar;D:\JAVA\Javainstallbag\localstore\repository\io\github\openfeign\feign-slf4j\9.5.1\feign-slf4j-9.5.1.jar;D:\JAVA\Javainstallbag\localstore\repository\io\github\openfeign\feign-hystrix\9.5.1\feign-hystrix-9.5.1.jar;D:\JAVA\Javainstallbag\localstore\repository\com\netflix\hystrix\hystrix-core\1.5.12\hystrix-core-1.5.12.jar;D:\JAVA\Javainstallbag\localstore\repository\org\hdrhistogram\HdrHistogram\2.1.9\HdrHistogram-2.1.9.jar;D:\JAVA\Javainstallbag\localstore\repository\io\github\openfeign\feign-java8\9.5.1\feign-java8-9.5.1.jar;D:\JAVA\Javainstallbag\localstore\repository\org\springframework\boot\spring-boot-starter-web\2.0.5.RELEASE\spring-boot-starter-web-2.0.5.RELEASE.jar;D:\JAVA\Javainstallbag\localstore\repository\org\springframework\boot\spring-boot-starter\2.0.5.RELEASE\spring-boot-starter-2.0.5.RELEASE.jar;D:\JAVA\Javainstallbag\localstore\repository\org\springframework\boot\spring-boot\2.0.5.RELEASE\spring-boot-2.0.5.RELEASE.jar;D:\JAVA\Javainstallbag\localstore\repository\org\springframework\boot\spring-boot-starter-logging\2.0.5.RELEASE\spring-boot-starter-logging-2.0.5.RELEASE.jar;D:\JAVA\Javainstallbag\localstore\repository\ch\qos\logback\logback-classic\1.2.3\logback-classic-1.2.3.jar;D:\JAVA\Javainstallbag\localstore\repository\ch\qos\logback\logback-core\1.2.3\logback-core-1.2.3.jar;D:\JAVA\Javainstallbag\localstore\repository\org\apache\logging\log4j\log4j-to-slf4j\2.10.0\log4j-to-slf4j-2.10.0.jar;D:\JAVA\Javainstallbag\localstore\repository\org\apache\logging\log4j\log4j-api\2.10.0\log4j-api-2.10.0.jar;D:\JAVA\Javainstallbag\localstore\repository\org\slf4j\jul-to-slf4j\1.7.25\jul-to-slf4j-1.7.25.jar;D:\JAVA\Javainstallbag\localstore\repository\javax\annotation\javax.annotation-api\1.3.2\javax.annotation-api-1.3.2.jar;D:\JAVA\Javainstallbag\localstore\repository\org\yaml\snakeyaml\1.19\snakeyaml-1.19.jar;D:\JAVA\Javainstallbag\localstore\repository\org\springframework\boot\spring-boot-starter-json\2.0.5.RELEASE\spring-boot-starter-json-2.0.5.RELEASE.jar;D:\JAVA\Javainstallbag\localstore\repository\com\fasterxml\jackson\datatype\jackson-datatype-jdk8\2.9.6\jackson-datatype-jdk8-2.9.6.jar;D:\JAVA\Javainstallbag\localstore\repository\com\fasterxml\jackson\datatype\jackson-datatype-jsr310\2.9.6\jackson-datatype-jsr310-2.9.6.jar;D:\JAVA\Javainstallbag\localstore\repository\com\fasterxml\jackson\module\jackson-module-parameter-names\2.9.6\jackson-module-parameter-names-2.9.6.jar;D:\JAVA\Javainstallbag\localstore\repository\org\springframework\boot\spring-boot-starter-tomcat\2.0.5.RELEASE\spring-boot-starter-tomcat-2.0.5.RELEASE.jar;D:\JAVA\Javainstallbag\localstore\repository\org\apache\tomcat\embed\tomcat-embed-core\8.5.34\tomcat-embed-core-8.5.34.jar;D:\JAVA\Javainstallbag\localstore\repository\org\apache\tomcat\embed\tomcat-embed-el\8.5.34\tomcat-embed-el-8.5.34.jar;D:\JAVA\Javainstallbag\localstore\repository\org\apache\tomcat\embed\tomcat-embed-websocket\8.5.34\tomcat-embed-websocket-8.5.34.jar;D:\JAVA\Javainstallbag\localstore\repository\org\hibernate\validator\hibernate-validator\6.0.12.Final\hibernate-validator-6.0.12.Final.jar;D:\JAVA\Javainstallbag\localstore\repository\javax\validation\validation-api\2.0.1.Final\validation-api-2.0.1.Final.jar;D:\JAVA\Javainstallbag\localstore\repository\org\jboss\logging\jboss-logging\3.3.2.Final\jboss-logging-3.3.2.Final.jar;D:\JAVA\Javainstallbag\localstore\repository\org\springframework\spring-web\5.0.9.RELEASE\spring-web-5.0.9.RELEASE.jar;D:\JAVA\Javainstallbag\localstore\repository\org\springframework\spring-beans\5.0.9.RELEASE\spring-beans-5.0.9.RELEASE.jar;D:\JAVA\Javainstallbag\localstore\repository\org\springframework\spring-webmvc\5.0.9.RELEASE\spring-webmvc-5.0.9.RELEASE.jar;D:\JAVA\Javainstallbag\localstore\repository\org\springframework\spring-aop\5.0.9.RELEASE\spring-aop-5.0.9.RELEASE.jar;D:\JAVA\Javainstallbag\localstore\repository\org\springframework\spring-context\5.0.9.RELEASE\spring-context-5.0.9.RELEASE.jar;D:\JAVA\Javainstallbag\localstore\repository\org\springframework\spring-expression\5.0.9.RELEASE\spring-expression-5.0.9.RELEASE.jar;D:\JAVA\Javainstallbag\localstore\repository\org\springframework\boot\spring-boot-starter-test\2.0.5.RELEASE\spring-boot-starter-test-2.0.5.RELEASE.jar;D:\JAVA\Javainstallbag\localstore\repository\org\springframework\boot\spring-boot-test\2.0.5.RELEASE\spring-boot-test-2.0.5.RELEASE.jar;D:\JAVA\Javainstallbag\localstore\repository\org\springframework\boot\spring-boot-test-autoconfigure\2.0.5.RELEASE\spring-boot-test-autoconfigure-2.0.5.RELEASE.jar;D:\JAVA\Javainstallbag\localstore\repository\com\jayway\jsonpath\json-path\2.4.0\json-path-2.4.0.jar;D:\JAVA\Javainstallbag\localstore\repository\net\minidev\json-smart\2.3\json-smart-2.3.jar;D:\JAVA\Javainstallbag\localstore\repository\net\minidev\accessors-smart\1.2\accessors-smart-1.2.jar;D:\JAVA\Javainstallbag\localstore\repository\org\ow2\asm\asm\5.0.4\asm-5.0.4.jar;D:\JAVA\Javainstallbag\localstore\repository\junit\junit\4.12\junit-4.12.jar;D:\JAVA\Javainstallbag\localstore\repository\org\assertj\assertj-core\3.9.1\assertj-core-3.9.1.jar;D:\JAVA\Javainstallbag\localstore\repository\org\mockito\mockito-core\2.15.0\mockito-core-2.15.0.jar;D:\JAVA\Javainstallbag\localstore\repository\net\bytebuddy\byte-buddy\1.7.11\byte-buddy-1.7.11.jar;D:\JAVA\Javainstallbag\localstore\repository\net\bytebuddy\byte-buddy-agent\1.7.11\byte-buddy-agent-1.7.11.jar;D:\JAVA\Javainstallbag\localstore\repository\org\objenesis\objenesis\2.6\objenesis-2.6.jar;D:\JAVA\Javainstallbag\localstore\repository\org\hamcrest\hamcrest-core\1.3\hamcrest-core-1.3.jar;D:\JAVA\Javainstallbag\localstore\repository\org\hamcrest\hamcrest-library\1.3\hamcrest-library-1.3.jar;D:\JAVA\Javainstallbag\localstore\repository\org\skyscreamer\jsonassert\1.5.0\jsonassert-1.5.0.jar;D:\JAVA\Javainstallbag\localstore\repository\com\vaadin\external\google\android-json\0.0.20131108.vaadin1\android-json-0.0.20131108.vaadin1.jar;D:\JAVA\Javainstallbag\localstore\repository\org\springframework\spring-core\5.0.9.RELEASE\spring-core-5.0.9.RELEASE.jar;D:\JAVA\Javainstallbag\localstore\repository\org\springframework\spring-jcl\5.0.9.RELEASE\spring-jcl-5.0.9.RELEASE.jar;D:\JAVA\Javainstallbag\localstore\repository\org\springframework\spring-test\5.0.9.RELEASE\spring-test-5.0.9.RELEASE.jar;D:\JAVA\Javainstallbag\localstore\repository\org\xmlunit\xmlunit-core\2.5.1\xmlunit-core-2.5.1.jar;D:\JAVA\Javainstallbag\localstore\repository\org\springframework\cloud\spring-cloud-starter-netflix-eureka-client\2.0.1.RELEASE\spring-cloud-starter-netflix-eureka-client-2.0.1.RELEASE.jar;D:\JAVA\Javainstallbag\localstore\repository\org\springframework\cloud\spring-cloud-starter\2.0.1.RELEASE\spring-cloud-starter-2.0.1.RELEASE.jar;D:\JAVA\Javainstallbag\localstore\repository\org\springframework\cloud\spring-cloud-context\2.0.1.RELEASE\spring-cloud-context-2.0.1.RELEASE.jar;D:\JAVA\Javainstallbag\localstore\repository\org\springframework\security\spring-security-rsa\1.0.5.RELEASE\spring-security-rsa-1.0.5.RELEASE.jar;D:\JAVA\Javainstallbag\localstore\repository\org\bouncycastle\bcpkix-jdk15on\1.56\bcpkix-jdk15on-1.56.jar;D:\JAVA\Javainstallbag\localstore\repository\org\bouncycastle\bcprov-jdk15on\1.56\bcprov-jdk15on-1.56.jar;D:\JAVA\Javainstallbag\localstore\repository\org\springframework\cloud\spring-cloud-netflix-core\2.0.1.RELEASE\spring-cloud-netflix-core-2.0.1.RELEASE.jar;D:\JAVA\Javainstallbag\localstore\repository\org\springframework\boot\spring-boot-starter-aop\2.0.5.RELEASE\spring-boot-starter-aop-2.0.5.RELEASE.jar;D:\JAVA\Javainstallbag\localstore\repository\org\aspectj\aspectjweaver\1.8.13\aspectjweaver-1.8.13.jar;D:\JAVA\Javainstallbag\localstore\repository\org\springframework\cloud\spring-cloud-netflix-eureka-client\2.0.1.RELEASE\spring-cloud-netflix-eureka-client-2.0.1.RELEASE.jar;D:\JAVA\Javainstallbag\localstore\repository\com\netflix\eureka\eureka-client\1.9.3\eureka-client-1.9.3.jar;D:\JAVA\Javainstallbag\localstore\repository\org\codehaus\jettison\jettison\1.3.7\jettison-1.3.7.jar;D:\JAVA\Javainstallbag\localstore\repository\stax\stax-api\1.0.1\stax-api-1.0.1.jar;D:\JAVA\Javainstallbag\localstore\repository\com\netflix\netflix-commons\netflix-eventbus\0.3.0\netflix-eventbus-0.3.0.jar;D:\JAVA\Javainstallbag\localstore\repository\com\netflix\netflix-commons\netflix-infix\0.3.0\netflix-infix-0.3.0.jar;D:\JAVA\Javainstallbag\localstore\repository\commons-jxpath\commons-jxpath\1.3\commons-jxpath-1.3.jar;D:\JAVA\Javainstallbag\localstore\repository\joda-time\joda-time\2.9.9\joda-time-2.9.9.jar;D:\JAVA\Javainstallbag\localstore\repository\org\antlr\antlr-runtime\3.4\antlr-runtime-3.4.jar;D:\JAVA\Javainstallbag\localstore\repository\org\antlr\stringtemplate\3.2.1\stringtemplate-3.2.1.jar;D:\JAVA\Javainstallbag\localstore\repository\antlr\antlr\2.7.7\antlr-2.7.7.jar;D:\JAVA\Javainstallbag\localstore\repository\com\google\code\gson\gson\2.8.5\gson-2.8.5.jar;D:\JAVA\Javainstallbag\localstore\repository\org\apache\commons\commons-math\2.2\commons-math-2.2.jar;D:\JAVA\Javainstallbag\localstore\repository\com\netflix\archaius\archaius-core\0.7.6\archaius-core-0.7.6.jar;D:\JAVA\Javainstallbag\localstore\repository\javax\ws\rs\jsr311-api\1.1.1\jsr311-api-1.1.1.jar;D:\JAVA\Javainstallbag\localstore\repository\com\netflix\servo\servo-core\0.12.21\servo-core-0.12.21.jar;D:\JAVA\Javainstallbag\localstore\repository\com\sun\jersey\jersey-core\1.19.1\jersey-core-1.19.1.jar;D:\JAVA\Javainstallbag\localstore\repository\com\sun\jersey\jersey-client\1.19.1\jersey-client-1.19.1.jar;D:\JAVA\Javainstallbag\localstore\repository\com\sun\jersey\contribs\jersey-apache-client4\1.19.1\jersey-apache-client4-1.19.1.jar;D:\JAVA\Javainstallbag\localstore\repository\org\apache\httpcomponents\httpclient\4.5.6\httpclient-4.5.6.jar;D:\JAVA\Javainstallbag\localstore\repository\org\apache\httpcomponents\httpcore\4.4.10\httpcore-4.4.10.jar;D:\JAVA\Javainstallbag\localstore\repository\commons-codec\commons-codec\1.11\commons-codec-1.11.jar;D:\JAVA\Javainstallbag\localstore\repository\com\google\inject\guice\4.1.0\guice-4.1.0.jar;D:\JAVA\Javainstallbag\localstore\repository\javax\inject\javax.inject\1\javax.inject-1.jar;D:\JAVA\Javainstallbag\localstore\repository\aopalliance\aopalliance\1.0\aopalliance-1.0.jar;D:\JAVA\Javainstallbag\localstore\repository\com\github\vlsi\compactmap\compactmap\1.2.1\compactmap-1.2.1.jar;D:\JAVA\Javainstallbag\localstore\repository\com\github\andrewoma\dexx\dexx-collections\0.2\dexx-collections-0.2.jar;D:\JAVA\Javainstallbag\localstore\repository\com\fasterxml\jackson\core\jackson-annotations\2.9.0\jackson-annotations-2.9.0.jar;D:\JAVA\Javainstallbag\localstore\repository\com\fasterxml\jackson\core\jackson-core\2.9.6\jackson-core-2.9.6.jar;D:\JAVA\Javainstallbag\localstore\repository\com\netflix\eureka\eureka-core\1.9.3\eureka-core-1.9.3.jar;D:\JAVA\Javainstallbag\localstore\repository\org\codehaus\woodstox\woodstox-core-asl\4.4.1\woodstox-core-asl-4.4.1.jar;D:\JAVA\Javainstallbag\localstore\repository\javax\xml\stream\stax-api\1.0-2\stax-api-1.0-2.jar;D:\JAVA\Javainstallbag\localstore\repository\org\codehaus\woodstox\stax2-api\3.1.4\stax2-api-3.1.4.jar;D:\JAVA\Javainstallbag\localstore\repository\org\springframework\cloud\spring-cloud-starter-netflix-archaius\2.0.1.RELEASE\spring-cloud-starter-netflix-archaius-2.0.1.RELEASE.jar;D:\JAVA\Javainstallbag\localstore\repository\org\springframework\cloud\spring-cloud-netflix-ribbon\2.0.1.RELEASE\spring-cloud-netflix-ribbon-2.0.1.RELEASE.jar;D:\JAVA\Javainstallbag\localstore\repository\org\springframework\cloud\spring-cloud-netflix-archaius\2.0.1.RELEASE\spring-cloud-netflix-archaius-2.0.1.RELEASE.jar;D:\JAVA\Javainstallbag\localstore\repository\commons-configuration\commons-configuration\1.8\commons-configuration-1.8.jar;D:\JAVA\Javainstallbag\localstore\repository\commons-lang\commons-lang\2.6\commons-lang-2.6.jar;D:\JAVA\Javainstallbag\localstore\repository\org\springframework\cloud\spring-cloud-starter-netflix-ribbon\2.0.1.RELEASE\spring-cloud-starter-netflix-ribbon-2.0.1.RELEASE.jar;D:\JAVA\Javainstallbag\localstore\repository\com\netflix\ribbon\ribbon\2.2.5\ribbon-2.2.5.jar;D:\JAVA\Javainstallbag\localstore\repository\com\netflix\ribbon\ribbon-transport\2.2.5\ribbon-transport-2.2.5.jar;D:\JAVA\Javainstallbag\localstore\repository\io\reactivex\rxnetty-contexts\0.4.9\rxnetty-contexts-0.4.9.jar;D:\JAVA\Javainstallbag\localstore\repository\io\reactivex\rxnetty-servo\0.4.9\rxnetty-servo-0.4.9.jar;D:\JAVA\Javainstallbag\localstore\repository\io\reactivex\rxnetty\0.4.9\rxnetty-0.4.9.jar;D:\JAVA\Javainstallbag\localstore\repository\io\netty\netty-codec-http\4.1.29.Final\netty-codec-http-4.1.29.Final.jar;D:\JAVA\Javainstallbag\localstore\repository\io\netty\netty-codec\4.1.29.Final\netty-codec-4.1.29.Final.jar;D:\JAVA\Javainstallbag\localstore\repository\io\netty\netty-transport-native-epoll\4.1.29.Final\netty-transport-native-epoll-4.1.29.Final.jar;D:\JAVA\Javainstallbag\localstore\repository\io\netty\netty-common\4.1.29.Final\netty-common-4.1.29.Final.jar;D:\JAVA\Javainstallbag\localstore\repository\io\netty\netty-buffer\4.1.29.Final\netty-buffer-4.1.29.Final.jar;D:\JAVA\Javainstallbag\localstore\repository\io\netty\netty-transport-native-unix-common\4.1.29.Final\netty-transport-native-unix-common-4.1.29.Final.jar;D:\JAVA\Javainstallbag\localstore\repository\io\netty\netty-transport\4.1.29.Final\netty-transport-4.1.29.Final.jar;D:\JAVA\Javainstallbag\localstore\repository\io\netty\netty-resolver\4.1.29.Final\netty-resolver-4.1.29.Final.jar;D:\JAVA\Javainstallbag\localstore\repository\com\netflix\ribbon\ribbon-core\2.2.5\ribbon-core-2.2.5.jar;D:\JAVA\Javainstallbag\localstore\repository\com\netflix\ribbon\ribbon-httpclient\2.2.5\ribbon-httpclient-2.2.5.jar;D:\JAVA\Javainstallbag\localstore\repository\commons-collections\commons-collections\3.2.2\commons-collections-3.2.2.jar;D:\JAVA\Javainstallbag\localstore\repository\com\netflix\netflix-commons\netflix-commons-util\0.3.0\netflix-commons-util-0.3.0.jar;D:\JAVA\Javainstallbag\localstore\repository\com\netflix\ribbon\ribbon-loadbalancer\2.2.5\ribbon-loadbalancer-2.2.5.jar;D:\JAVA\Javainstallbag\localstore\repository\com\netflix\netflix-commons\netflix-statistics\0.1.1\netflix-statistics-0.1.1.jar;D:\JAVA\Javainstallbag\localstore\repository\io\reactivex\rxjava\1.2.0\rxjava-1.2.0.jar;D:\JAVA\Javainstallbag\localstore\repository\com\netflix\ribbon\ribbon-eureka\2.2.5\ribbon-eureka-2.2.5.jar;D:\JAVA\Javainstallbag\localstore\repository\com\thoughtworks\xstream\xstream\1.4.10\xstream-1.4.10.jar;D:\JAVA\Javainstallbag\localstore\repository\xmlpull\xmlpull\1.1.3.1\xmlpull-1.1.3.1.jar;D:\JAVA\Javainstallbag\localstore\repository\xpp3\xpp3_min\1.1.4c\xpp3_min-1.1.4c.jar;D:\JAVA\Javainstallbag\localstore\repository\com\baomidou\mybatis-plus-boot-starter\2.2.0\mybatis-plus-boot-starter-2.2.0.jar;D:\JAVA\Javainstallbag\localstore\repository\org\springframework\boot\spring-boot-autoconfigure\2.0.5.RELEASE\spring-boot-autoconfigure-2.0.5.RELEASE.jar;D:\JAVA\Javainstallbag\localstore\repository\org\springframework\boot\spring-boot-starter-jdbc\2.0.5.RELEASE\spring-boot-starter-jdbc-2.0.5.RELEASE.jar;D:\JAVA\Javainstallbag\localstore\repository\com\zaxxer\HikariCP\2.7.9\HikariCP-2.7.9.jar;D:\JAVA\Javainstallbag\localstore\repository\org\springframework\spring-jdbc\5.0.9.RELEASE\spring-jdbc-5.0.9.RELEASE.jar;D:\JAVA\Javainstallbag\localstore\repository\org\springframework\spring-tx\5.0.9.RELEASE\spring-tx-5.0.9.RELEASE.jar;D:\JAVA\Javainstallbag\localstore\repository\mysql\mysql-connector-java\5.1.47\mysql-connector-java-5.1.47.jar;D:\JAVA\Javainstallbag\localstore\repository\io\springfox\springfox-swagger2\2.9.2\springfox-swagger2-2.9.2.jar;D:\JAVA\Javainstallbag\localstore\repository\io\swagger\swagger-annotations\1.5.20\swagger-annotations-1.5.20.jar;D:\JAVA\Javainstallbag\localstore\repository\io\swagger\swagger-models\1.5.20\swagger-models-1.5.20.jar;D:\JAVA\Javainstallbag\localstore\repository\io\springfox\springfox-spi\2.9.2\springfox-spi-2.9.2.jar;D:\JAVA\Javainstallbag\localstore\repository\io\springfox\springfox-core\2.9.2\springfox-core-2.9.2.jar;D:\JAVA\Javainstallbag\localstore\repository\io\springfox\springfox-schema\2.9.2\springfox-schema-2.9.2.jar;D:\JAVA\Javainstallbag\localstore\repository\io\springfox\springfox-swagger-common\2.9.2\springfox-swagger-common-2.9.2.jar;D:\JAVA\Javainstallbag\localstore\repository\io\springfox\springfox-spring-web\2.9.2\springfox-spring-web-2.9.2.jar;D:\JAVA\Javainstallbag\localstore\repository\com\google\guava\guava\20.0\guava-20.0.jar;D:\JAVA\Javainstallbag\localstore\repository\com\fasterxml\classmate\1.3.4\classmate-1.3.4.jar;D:\JAVA\Javainstallbag\localstore\repository\org\slf4j\slf4j-api\1.7.25\slf4j-api-1.7.25.jar;D:\JAVA\Javainstallbag\localstore\repository\org\springframework\plugin\spring-plugin-core\1.2.0.RELEASE\spring-plugin-core-1.2.0.RELEASE.jar;D:\JAVA\Javainstallbag\localstore\repository\org\springframework\plugin\spring-plugin-metadata\1.2.0.RELEASE\spring-plugin-metadata-1.2.0.RELEASE.jar;D:\JAVA\Javainstallbag\localstore\repository\org\mapstruct\mapstruct\1.2.0.Final\mapstruct-1.2.0.Final.jar;D:\JAVA\Javainstallbag\localstore\repository\io\springfox\springfox-swagger-ui\2.9.2\springfox-swagger-ui-2.9.2.jar;D:\JAVA\Javainstallbag\localstore\repository\org\springframework\cloud\spring-cloud-starter-config\2.0.1.RELEASE\spring-cloud-starter-config-2.0.1.RELEASE.jar;D:\JAVA\Javainstallbag\localstore\repository\org\springframework\cloud\spring-cloud-config-client\2.0.1.RELEASE\spring-cloud-config-client-2.0.1.RELEASE.jar;D:\JAVA\Javainstallbag\localstore\repository\com\fasterxml\jackson\core\jackson-databind\2.9.6\jackson-databind-2.9.6.jar;, user.name=mrwang, java.vm.specification.version=1.8, sun.java.command=D:\JAVA\ideaproject\hrm_parent\hrm_sysmanage_parent\hrm_sysmanage_service\target\surefire\surefirebooter9441727294916258.jar D:\JAVA\ideaproject\hrm_parent\hrm_sysmanage_parent\hrm_sysmanage_service\target\surefire\surefire5123855524036852890tmp D:\JAVA\ideaproject\hrm_parent\hrm_sysmanage_parent\hrm_sysmanage_service\target\surefire\surefire_08778901609420201606tmp, java.home=C:\JAVA\Javainstallbag\jdk\jre, sun.arch.data.model=64, user.language=zh, java.specification.vendor=Oracle Corporation, awt.toolkit=sun.awt.windows.WToolkit, java.vm.info=mixed mode, java.version=1.8.0_111, java.ext.dirs=C:\JAVA\Javainstallbag\jdk\jre\lib\ext;C:\Windows\Sun\Java\lib\ext, sun.boot.class.path=C:\JAVA\Javainstallbag\jdk\jre\lib\resources.jar;C:\JAVA\Javainstallbag\jdk\jre\lib\rt.jar;C:\JAVA\Javainstallbag\jdk\jre\lib\sunrsasign.jar;C:\JAVA\Javainstallbag\jdk\jre\lib\jsse.jar;C:\JAVA\Javainstallbag\jdk\jre\lib\jce.jar;C:\JAVA\Javainstallbag\jdk\jre\lib\charsets.jar;C:\JAVA\Javainstallbag\jdk\jre\lib\jfr.jar;C:\JAVA\Javainstallbag\jdk\jre\classes, java.vendor=Oracle Corporation, localRepository=D:\JAVA\Javainstallbag\localstore\repository, file.separator=\, java.vendor.url.bug=http://bugreport.sun.com/bugreport/, sun.io.unicode.encoding=UnicodeLittle, sun.cpu.endian=little, sun.desktop=windows, sun.cpu.isalist=amd64}}, SystemEnvironmentPropertySource@370370379 {name=&apos;systemEnvironment&apos;, properties={PATH=C:\Program Files (x86)\Python36-32\Scripts\;C:\Program Files (x86)\Python36-32\;C:\Windows\system32;C:\Windows;C:\Windows\System32\Wbem;C:\Windows\System32\WindowsPowerShell\v1.0\;C:\Windows\System32\OpenSSH\;C:\Program Files (x86)\NVIDIA Corporation\PhysX\Common;C:\Program Files\NVIDIA Corporation\NVIDIA NvDLISR;C:\Program Files (x86)\MySQL\MySQL Server 5.5\bin;D:\JAVA\Javainstallbag\node-v10.16.0-x64\;D:\JAVA\Javainstallbag\svn\svnServer\bin;C:\Program Files\TortoiseSVN\bin;D:\JAVA\Javainstallbag\git\tortoiseGit\bin;C:\Users\43534\AppData\Local\Microsoft\WindowsApps;C:\JAVA\Javainstallbag\jdk\bin;C:\Program Files (x86)\MySQL\MySQL Server 5.5\bin;D:\JAVA\Javainstallbag\maven\apache-maven-3.3.9\bin;C:\Users\43534\AppData\Roaming\npm;, USERDOMAIN_ROAMINGPROFILE=LAPTOP-8D5HH5AP, LOCALAPPDATA=C:\Users\43534\AppData\Local, PROCESSOR_LEVEL=6, SYSTEMDRIVE=C:, COMMONPROGRAMFILES(X86)=C:\Program Files (x86)\Common Files, USERDOMAIN=LAPTOP-8D5HH5AP, LOGONSERVER=\\LAPTOP-8D5HH5AP, JAVA_HOME=C:\JAVA\Javainstallbag\jdk, PROMPT=$P$G, SESSIONNAME=Console, ALLUSERSPROFILE=C:\ProgramData, PROGRAMFILES(X86)=C:\Program Files (x86), PROCESSOR_ARCHITECTURE=AMD64, DRIVERDATA=C:\Windows\System32\Drivers\DriverData, MAVEN_HOME=D:\JAVA\Javainstallbag\maven\apache-maven-3.3.9, PROGRAMFILES=C:\Program Files, APPDATA=C:\Users\43534\AppData\Roaming, PSMODULEPATH=C:\Program Files\WindowsPowerShell\Modules;C:\Windows\system32\WindowsPowerShell\v1.0\Modules;D:\JAVA\Javainstallbag\svn\svnServer\PowerShellModules, PROGRAMW6432=C:\Program Files, PROGRAMDATA=C:\ProgramData, SYSTEMROOT=C:\Windows, USERNAME=mrwang, VISUALSVN_SERVER=D:\JAVA\Javainstallbag\svn\svnServer\, ONEDRIVE=C:\Users\43534\OneDrive, CONFIGSETROOT=C:\Windows\ConfigSetRoot, PATHEXT=.COM;.EXE;.BAT;.CMD;.VBS;.VBE;.JS;.JSE;.WSF;.WSH;.MSC;.PY;.PYW, OS=Windows_NT, COMMONPROGRAMW6432=C:\Program Files\Common Files, COMPUTERNAME=LAPTOP-8D5HH5AP, ONEDRIVECONSUMER=C:\Users\43534\OneDrive, COMMONPROGRAMFILES=C:\Program Files\Common Files, COMSPEC=C:\Windows\system32\cmd.exe, PROCESSOR_REVISION=9e0a, WINDIR=C:\Windows, =D:=D:\JAVA\ideaproject\hrm_parent\hrm_sysmanage_parent\hrm_sysmanage_service, HOMEPATH=\Users\43534, TEMP=C:\Users\43534\AppData\Local\Temp, HOMEDRIVE=C:, PROCESSOR_IDENTIFIER=Intel64 Family 6 Model 158 Stepping 10, GenuineIntel, USERPROFILE=C:\Users\43534, TMP=C:\Users\43534\AppData\Local\Temp, PUBLIC=C:\Users\Public, NUMBER_OF_PROCESSORS=8, =::=::\}}]
22:49:17.621 [main] DEBUG org.springframework.test.context.support.TestPropertySourceUtils - Adding inlined properties to environment: {spring.jmx.enabled=false, org.springframework.boot.test.context.SpringBootTestContextBootstrapper=true, server.port=-1}
22:49:17.621 [main] DEBUG org.springframework.core.env.StandardEnvironment - Adding PropertySource &apos;Inlined Test Properties&apos; with highest search precedence
2019-09-05 22:49:20.396 ----&gt; [main] ---&gt; INFO  com.netflix.discovery.DiscoveryClient - Initializing Eureka in region us-east-1
2019-09-05 22:49:21.063 ----&gt; [main] ---&gt; INFO  c.n.discovery.provider.DiscoveryJerseyProvider - Using JSON encoding codec LegacyJacksonJson
2019-09-05 22:49:21.064 ----&gt; [main] ---&gt; INFO  c.n.discovery.provider.DiscoveryJerseyProvider - Using JSON decoding codec LegacyJacksonJson
2019-09-05 22:49:21.175 ----&gt; [main] ---&gt; INFO  c.n.discovery.provider.DiscoveryJerseyProvider - Using XML encoding codec XStreamXml
2019-09-05 22:49:21.175 ----&gt; [main] ---&gt; INFO  c.n.discovery.provider.DiscoveryJerseyProvider - Using XML decoding codec XStreamXml
2019-09-05 22:49:21.333 ----&gt; [main] ---&gt; INFO  c.n.d.shared.resolver.aws.ConfigClusterResolver - Resolving eureka endpoints via configuration
2019-09-05 22:49:21.833 ----&gt; [main] ---&gt; INFO  com.netflix.discovery.DiscoveryClient - Disable delta property : false
2019-09-05 22:49:21.833 ----&gt; [main] ---&gt; INFO  com.netflix.discovery.DiscoveryClient - Single vip registry refresh property : null
2019-09-05 22:49:21.834 ----&gt; [main] ---&gt; INFO  com.netflix.discovery.DiscoveryClient - Force full registry fetch : false
2019-09-05 22:49:21.834 ----&gt; [main] ---&gt; INFO  com.netflix.discovery.DiscoveryClient - Application is null : false
2019-09-05 22:49:21.834 ----&gt; [main] ---&gt; INFO  com.netflix.discovery.DiscoveryClient - Registered Applications size is zero : true
2019-09-05 22:49:21.834 ----&gt; [main] ---&gt; INFO  com.netflix.discovery.DiscoveryClient - Application version is -1: true
2019-09-05 22:49:21.835 ----&gt; [main] ---&gt; INFO  com.netflix.discovery.DiscoveryClient - Getting all instance registry info from the eureka server
2019-09-05 22:49:23.973 ----&gt; [main] ---&gt; ERROR c.n.d.s.t.decorator.RedirectingEurekaHttpClient - Request execution error
com.sun.jersey.api.client.ClientHandlerException: java.net.ConnectException: Connection refused: connect
	at com.sun.jersey.client.apache4.ApacheHttpClient4Handler.handle(ApacheHttpClient4Handler.java:187)
	at com.sun.jersey.api.client.filter.GZIPContentEncodingFilter.handle(GZIPContentEncodingFilter.java:123)
	at com.netflix.discovery.EurekaIdentityHeaderFilter.handle(EurekaIdentityHeaderFilter.java:27)
	at com.sun.jersey.api.client.Client.handle(Client.java:652)
	at com.sun.jersey.api.client.WebResource.handle(WebResource.java:682)
	at com.sun.jersey.api.client.WebResource.access$200(WebResource.java:74)
	at com.sun.jersey.api.client.WebResource$Builder.get(WebResource.java:509)
	at com.netflix.discovery.shared.transport.jersey.AbstractJerseyEurekaHttpClient.getApplicationsInternal(AbstractJerseyEurekaHttpClient.java:194)
	at com.netflix.discovery.shared.transport.jersey.AbstractJerseyEurekaHttpClient.getApplications(AbstractJerseyEurekaHttpClient.java:165)
	at com.netflix.discovery.shared.transport.decorator.EurekaHttpClientDecorator$6.execute(EurekaHttpClientDecorator.java:137)
	at com.netflix.discovery.shared.transport.decorator.MetricsCollectingEurekaHttpClient.execute(MetricsCollectingEurekaHttpClient.java:73)
	at com.netflix.discovery.shared.transport.decorator.EurekaHttpClientDecorator.getApplications(EurekaHttpClientDecorator.java:134)
	at com.netflix.discovery.shared.transport.decorator.EurekaHttpClientDecorator$6.execute(EurekaHttpClientDecorator.java:137)
	at com.netflix.discovery.shared.transport.decorator.RedirectingEurekaHttpClient.executeOnNewServer(RedirectingEurekaHttpClient.java:118)
	at com.netflix.discovery.shared.transport.decorator.RedirectingEurekaHttpClient.execute(RedirectingEurekaHttpClient.java:79)
	at com.netflix.discovery.shared.transport.decorator.EurekaHttpClientDecorator.getApplications(EurekaHttpClientDecorator.java:134)
	at com.netflix.discovery.shared.transport.decorator.EurekaHttpClientDecorator$6.execute(EurekaHttpClientDecorator.java:137)
	at com.netflix.discovery.shared.transport.decorator.RetryableEurekaHttpClient.execute(RetryableEurekaHttpClient.java:120)
	at com.netflix.discovery.shared.transport.decorator.EurekaHttpClientDecorator.getApplications(EurekaHttpClientDecorator.java:134)
	at com.netflix.discovery.shared.transport.decorator.EurekaHttpClientDecorator$6.execute(EurekaHttpClientDecorator.java:137)
	at com.netflix.discovery.shared.transport.decorator.SessionedEurekaHttpClient.execute(SessionedEurekaHttpClient.java:77)
	at com.netflix.discovery.shared.transport.decorator.EurekaHttpClientDecorator.getApplications(EurekaHttpClientDecorator.java:134)
	at com.netflix.discovery.DiscoveryClient.getAndStoreFullRegistry(DiscoveryClient.java:1051)
	at com.netflix.discovery.DiscoveryClient.fetchRegistry(DiscoveryClient.java:965)
	at com.netflix.discovery.DiscoveryClient.&lt;init&gt;(DiscoveryClient.java:414)
	at com.netflix.discovery.DiscoveryClient.&lt;init&gt;(DiscoveryClient.java:269)
	at org.springframework.cloud.netflix.eureka.CloudEurekaClient.&lt;init&gt;(CloudEurekaClient.java:63)
	at org.springframework.cloud.netflix.eureka.EurekaClientAutoConfiguration$EurekaClientConfiguration.eurekaClient(EurekaClientAutoConfiguration.java:247)
	at org.springframework.cloud.netflix.eureka.EurekaClientAutoConfiguration$EurekaClientConfiguration$$EnhancerBySpringCGLIB$$31887fe2.CGLIB$eurekaClient$2(&lt;generated&gt;)
	at org.springframework.cloud.netflix.eureka.EurekaClientAutoConfiguration$EurekaClientConfiguration$$EnhancerBySpringCGLIB$$31887fe2$$FastClassBySpringCGLIB$$7d98b63b.invoke(&lt;generated&gt;)
	at org.springframework.cglib.proxy.MethodProxy.invokeSuper(MethodProxy.java:228)
	at org.springframework.context.annotation.ConfigurationClassEnhancer$BeanMethodInterceptor.intercept(ConfigurationClassEnhancer.java:365)
	at org.springframework.cloud.netflix.eureka.EurekaClientAutoConfiguration$EurekaClientConfiguration$$EnhancerBySpringCGLIB$$31887fe2.eurekaClient(&lt;generated&gt;)
	at sun.reflect.NativeMethodAccessorImpl.invoke0(Native Method)
	at sun.reflect.NativeMethodAccessorImpl.invoke(NativeMethodAccessorImpl.java:62)
	at sun.reflect.DelegatingMethodAccessorImpl.invoke(DelegatingMethodAccessorImpl.java:43)
	at java.lang.reflect.Method.invoke(Method.java:498)
	at org.springframework.beans.factory.support.SimpleInstantiationStrategy.instantiate(SimpleInstantiationStrategy.java:154)
	at org.springframework.beans.factory.support.ConstructorResolver.instantiateUsingFactoryMethod(ConstructorResolver.java:582)
	at org.springframework.beans.factory.support.AbstractAutowireCapableBeanFactory.instantiateUsingFactoryMethod(AbstractAutowireCapableBeanFactory.java:1247)
	at org.springframework.beans.factory.support.AbstractAutowireCapableBeanFactory.createBeanInstance(AbstractAutowireCapableBeanFactory.java:1096)
	at org.springframework.beans.factory.support.AbstractAutowireCapableBeanFactory.doCreateBean(AbstractAutowireCapableBeanFactory.java:535)
	at org.springframework.beans.factory.support.AbstractAutowireCapableBeanFactory.createBean(AbstractAutowireCapableBeanFactory.java:495)
	at org.springframework.beans.factory.support.AbstractBeanFactory.lambda$doGetBean$0(AbstractBeanFactory.java:317)
	at org.springframework.beans.factory.support.DefaultSingletonBeanRegistry.getSingleton(DefaultSingletonBeanRegistry.java:222)
	at org.springframework.beans.factory.support.AbstractBeanFactory.doGetBean(AbstractBeanFactory.java:315)
	at org.springframework.beans.factory.support.AbstractBeanFactory.getBean(AbstractBeanFactory.java:199)
	at org.springframework.beans.factory.config.DependencyDescriptor.resolveCandidate(DependencyDescriptor.java:251)
	at org.springframework.beans.factory.support.DefaultListableBeanFactory.doResolveDependency(DefaultListableBeanFactory.java:1135)
	at org.springframework.beans.factory.support.DefaultListableBeanFactory.resolveDependency(DefaultListableBeanFactory.java:1062)
	at org.springframework.beans.factory.support.ConstructorResolver.resolveAutowiredArgument(ConstructorResolver.java:818)
	at org.springframework.beans.factory.support.ConstructorResolver.createArgumentArray(ConstructorResolver.java:724)
	at org.springframework.beans.factory.support.ConstructorResolver.instantiateUsingFactoryMethod(ConstructorResolver.java:474)
	at org.springframework.beans.factory.support.AbstractAutowireCapableBeanFactory.instantiateUsingFactoryMethod(AbstractAutowireCapableBeanFactory.java:1247)
	at org.springframework.beans.factory.support.AbstractAutowireCapableBeanFactory.createBeanInstance(AbstractAutowireCapableBeanFactory.java:1096)
[...]
	at java.net.AbstractPlainSocketImpl.connectToAddress(AbstractPlainSocketImpl.java:206)
	at java.net.AbstractPlainSocketImpl.connect(AbstractPlainSocketImpl.java:188)
	at java.net.PlainSocketImpl.connect(PlainSocketImpl.java:172)
	at java.net.SocksSocketImpl.connect(SocksSocketImpl.java:392)
	at java.net.Socket.connect(Socket.java:589)
	at org.apache.http.conn.scheme.PlainSocketFactory.connectSocket(PlainSocketFactory.java:121)
	at org.apache.http.impl.conn.DefaultClientConnectionOperator.openConnection(DefaultClientConnectionOperator.java:180)
	at org.apache.http.impl.conn.AbstractPoolEntry.open(AbstractPoolEntry.java:144)
	at org.apache.http.impl.conn.AbstractPooledConnAdapter.open(AbstractPooledConnAdapter.java:134)
	at org.apache.http.impl.client.DefaultRequestDirector.tryConnect(DefaultRequestDirector.java:610)
	at org.apache.http.impl.client.DefaultRequestDirector.execute(DefaultRequestDirector.java:445)
	at org.apache.http.impl.client.AbstractHttpClient.doExecute(AbstractHttpClient.java:835)
	at org.apache.http.impl.client.CloseableHttpClient.execute(CloseableHttpClient.java:118)
	at org.apache.http.impl.client.CloseableHttpClient.execute(CloseableHttpClient.java:56)
	at com.sun.jersey.client.apache4.ApacheHttpClient4Handler.handle(ApacheHttpClient4Handler.java:173)
	... 139 common frames omitted
2019-09-05 22:49:23.974 ----&gt; [main] ---&gt; WARN  c.n.d.s.t.decorator.RetryableEurekaHttpClient - Request execution failed with message: java.net.ConnectException: Connection refused: connect
2019-09-05 22:49:23.975 ----&gt; [main] ---&gt; ERROR com.netflix.discovery.DiscoveryClient - DiscoveryClient_UNKNOWN/LAPTOP-8D5HH5AP.lan:-1 - was unable to refresh its cache! status = Cannot execute request on any known server
com.netflix.discovery.shared.transport.TransportException: Cannot execute request on any known server
	at com.netflix.discovery.shared.transport.decorator.RetryableEurekaHttpClient.execute(RetryableEurekaHttpClient.java:112)
	at com.netflix.discovery.shared.transport.decorator.EurekaHttpClientDecorator.getApplications(EurekaHttpClientDecorator.java:134)
	at com.netflix.discovery.shared.transport.decorator.EurekaHttpClientDecorator$6.execute(EurekaHttpClientDecorator.java:137)
	at com.netflix.discovery.shared.transport.decorator.SessionedEurekaHttpClient.execute(SessionedEurekaHttpClient.java:77)
	at com.netflix.discovery.shared.transport.decorator.EurekaHttpClientDecorator.getApplications(EurekaHttpClientDecorator.java:134)
	at com.netflix.discovery.DiscoveryClient.getAndStoreFullRegistry(DiscoveryClient.java:1051)
	at com.netflix.discovery.DiscoveryClient.fetchRegistry(DiscoveryClient.java:965)
	at com.netflix.discovery.DiscoveryClient.&lt;init&gt;(DiscoveryClient.java:414)
	at com.netflix.discovery.DiscoveryClient.&lt;init&gt;(DiscoveryClient.java:269)
	at org.springframework.cloud.netflix.eureka.CloudEurekaClient.&lt;init&gt;(CloudEurekaClient.java:63)
	at org.springframework.cloud.netflix.eureka.EurekaClientAutoConfiguration$EurekaClientConfiguration.eurekaClient(EurekaClientAutoConfiguration.java:247)
	at org.springframework.cloud.netflix.eureka.EurekaClientAutoConfiguration$EurekaClientConfiguration$$EnhancerBySpringCGLIB$$31887fe2.CGLIB$eurekaClient$2(&lt;generated&gt;)
	at org.springframework.cloud.netflix.eureka.EurekaClientAutoConfiguration$EurekaClientConfiguration$$EnhancerBySpringCGLIB$$31887fe2$$FastClassBySpringCGLIB$$7d98b63b.invoke(&lt;generated&gt;)
	at org.springframework.cglib.proxy.MethodProxy.invokeSuper(MethodProxy.java:228)
	at org.springframework.context.annotation.ConfigurationClassEnhancer$BeanMethodInterceptor.intercept(ConfigurationClassEnhancer.java:365)
	at org.springframework.cloud.netflix.eureka.EurekaClientAutoConfiguration$EurekaClientConfiguration$$EnhancerBySpringCGLIB$$31887fe2.eurekaClient(&lt;generated&gt;)
	at sun.reflect.NativeMethodAccessorImpl.invoke0(Native Method)
	at sun.reflect.NativeMethodAccessorImpl.invoke(NativeMethodAccessorImpl.java:62)
	at sun.reflect.DelegatingMethodAccessorImpl.invoke(DelegatingMethodAccessorImpl.java:43)
	at java.lang.reflect.Method.invoke(Method.java:498)
	at org.springframework.beans.factory.support.SimpleInstantiationStrategy.instantiate(SimpleInstantiationStrategy.java:154)
	at org.springframework.beans.factory.support.ConstructorResolver.instantiateUsingFactoryMethod(ConstructorResolver.java:582)
	at org.springframework.beans.factory.support.AbstractAutowireCapableBeanFactory.instantiateUsingFactoryMethod(AbstractAutowireCapableBeanFactory.java:1247)
	at org.springframework.beans.factory.support.AbstractAutowireCapableBeanFactory.createBeanInstance(AbstractAutowireCapableBeanFactory.java:1096)
	at org.springframework.beans.factory.support.AbstractAutowireCapableBeanFactory.doCreateBean(AbstractAutowireCapableBeanFactory.java:535)
	at org.springframework.beans.factory.support.AbstractAutowireCapableBeanFactory.createBean(AbstractAutowireCapableBeanFactory.java:495)
	at org.springframework.beans.factory.support.AbstractBeanFactory.lambda$doGetBean$0(AbstractBeanFactory.java:317)
	at org.springframework.beans.factory.support.DefaultSingletonBeanRegistry.getSingleton(DefaultSingletonBeanRegistry.java:222)
	at org.springframework.beans.factory.support.AbstractBeanFactory.doGetBean(AbstractBeanFactory.java:315)
	at org.springframework.beans.factory.support.AbstractBeanFactory.getBean(AbstractBeanFactory.java:199)
	at org.springframework.beans.factory.config.DependencyDescriptor.resolveCandidate(DependencyDescriptor.java:251)
	at org.springframework.beans.factory.support.DefaultListableBeanFactory.doResolveDependency(DefaultListableBeanFactory.java:1135)
	at org.springframework.beans.factory.support.DefaultListableBeanFactory.resolveDependency(DefaultListableBeanFactory.java:1062)
	at org.springframework.beans.factory.support.ConstructorResolver.resolveAutowiredArgument(ConstructorResolver.java:818)
	at org.springframework.beans.factory.support.ConstructorResolver.createArgumentArray(ConstructorResolver.java:724)
	at org.springframework.beans.factory.support.ConstructorResolver.instantiateUsingFactoryMethod(ConstructorResolver.java:474)
	at org.springframework.beans.factory.support.AbstractAutowireCapableBeanFactory.instantiateUsingFactoryMethod(AbstractAutowireCapableBeanFactory.java:1247)
	at org.springframework.beans.factory.support.AbstractAutowireCapableBeanFactory.createBeanInstance(AbstractAutowireCapableBeanFactory.java:1096)
	at org.springframework.beans.factory.support.AbstractAutowireCapableBeanFactory.doCreateBean(AbstractAutowireCapableBeanFactory.java:535)
	at org.springframework.beans.factory.support.AbstractAutowireCapableBeanFactory.createBean(AbstractAutowireCapableBeanFactory.java:495)
	at org.springframework.beans.factory.support.AbstractBeanFactory.lambda$doGetBean$0(AbstractBeanFactory.java:317)
	at org.springframework.beans.factory.support.DefaultSingletonBeanRegistry.getSingleton(DefaultSingletonBeanRegistry.java:222)
	at org.springframework.beans.factory.support.AbstractBeanFactory.doGetBean(AbstractBeanFactory.java:315)
	at org.springframework.beans.factory.support.AbstractBeanFactory.getBean(AbstractBeanFactory.java:199)
	at org.springframework.beans.factory.config.DependencyDescriptor.resolveCandidate(DependencyDescriptor.java:251)
	at org.springframework.beans.factory.support.DefaultListableBeanFactory.doResolveDependency(DefaultListableBeanFactory.java:1135)
	at org.springframework.beans.factory.support.DefaultListableBeanFactory.resolveDependency(DefaultListableBeanFactory.java:1062)
	at org.springframework.beans.factory.support.ConstructorResolver.resolveAutowiredArgument(ConstructorResolver.java:818)
	at org.springframework.beans.factory.support.ConstructorResolver.createArgumentArray(ConstructorResolver.java:724)
	at org.springframework.beans.factory.support.ConstructorResolver.instantiateUsingFactoryMethod(ConstructorResolver.java:474)
	at org.springframework.beans.factory.support.AbstractAutowireCapableBeanFactory.instantiateUsingFactoryMethod(AbstractAutowireCapableBeanFactory.java:1247)
	at org.springframework.beans.factory.support.AbstractAutowireCapableBeanFactory.createBeanInstance(AbstractAutowireCapableBeanFactory.java:1096)
	at org.springframework.beans.factory.support.AbstractAutowireCapableBeanFactory.doCreateBean(AbstractAutowireCapableBeanFactory.java:535)
	at org.springframework.beans.factory.support.AbstractAutowireCapableBeanFactory.createBean(AbstractAutowireCapableBeanFactory.java:495)
	at org.springframework.beans.factory.support.AbstractBeanFactory.lambda$doGetBean$0(AbstractBeanFactory.java:317)
	at org.springframework.beans.factory.support.DefaultSingletonBeanRegistry.getSingleton(DefaultSingletonBeanRegistry.java:222)
	at org.springframework.beans.factory.support.AbstractBeanFactory.doGetBean(AbstractBeanFactory.java:315)
	at org.springframework.beans.factory.support.AbstractBeanFactory.getBean(AbstractBeanFactory.java:199)
	at org.springframework.beans.factory.config.DependencyDescriptor.resolveCandidate(DependencyDescriptor.java:251)
	at org.springframework.beans.factory.support.DefaultListableBeanFactory.doResolveDependency(DefaultListableBeanFactory.java:1135)
	at org.springframework.beans.factory.support.DefaultListableBeanFactory.resolveDependency(DefaultListableBeanFactory.java:1062)
	at org.springframework.beans.factory.annotation.AutowiredAnnotationBeanPostProcessor$AutowiredFieldElement.inject(AutowiredAnnotationBeanPostProcessor.java:583)
	at org.springframework.beans.factory.annotation.InjectionMetadata.inject(InjectionMetadata.java:90)
	at org.springframework.beans.factory.annotation.AutowiredAnnotationBeanPostProcessor.postProcessPropertyValues(AutowiredAnnotationBeanPostProcessor.java:372)
	at org.springframework.beans.factory.support.AbstractAutowireCapableBeanFactory.populateBean(AbstractAutowireCapableBeanFactory.java:1341)
	at org.springframework.beans.factory.support.AbstractAutowireCapableBeanFactory.doCreateBean(AbstractAutowireCapableBeanFactory.java:572)
	at org.springframework.beans.factory.support.AbstractAutowireCapableBeanFactory.createBean(AbstractAutowireCapableBeanFactory.java:495)
	at org.springframework.beans.factory.support.AbstractBeanFactory.lambda$doGetBean$0(AbstractBeanFactory.java:317)
	at org.springframework.beans.factory.support.DefaultSingletonBeanRegistry.getSingleton(DefaultSingletonBeanRegistry.java:222)
	at org.springframework.beans.factory.support.AbstractBeanFactory.doGetBean(AbstractBeanFactory.java:315)
	at org.springframework.beans.factory.support.AbstractBeanFactory.getBean(AbstractBeanFactory.java:199)
	at org.springframework.beans.factory.support.DefaultListableBeanFactory.preInstantiateSingletons(DefaultListableBeanFactory.java:759)
	at org.springframework.context.support.AbstractApplicationContext.finishBeanFactoryInitialization(AbstractApplicationContext.java:869)
	at org.springframework.context.support.AbstractApplicationContext.refresh(AbstractApplicationContext.java:550)
	at org.springframework.boot.SpringApplication.refresh(SpringApplication.java:780)
	at org.springframework.boot.SpringApplication.refreshContext(SpringApplication.java:412)
	at org.springframework.boot.SpringApplication.run(SpringApplication.java:333)
	at org.springframework.boot.builder.SpringApplicationBuilder.run(SpringApplicationBuilder.java:137)
	at org.springframework.cloud.bootstrap.BootstrapApplicationListener.bootstrapServiceContext(BootstrapApplicationListener.java:197)
	at org.springframework.cloud.bootstrap.BootstrapApplicationListener.onApplicationEvent(BootstrapApplicationListener.java:104)
	at org.springframework.cloud.bootstrap.BootstrapApplicationListener.onApplicationEvent(BootstrapApplicationListener.java:70)
	at org.springframework.context.event.SimpleApplicationEventMulticaster.doInvokeListener(SimpleApplicationEventMulticaster.java:172)
	at org.springframework.context.event.SimpleApplicationEventMulticaster.invokeListener(SimpleApplicationEventMulticaster.java:165)
	at org.springframework.context.event.SimpleApplicationEventMulticaster.multicastEvent(SimpleApplicationEventMulticaster.java:139)
	at org.springframework.context.event.SimpleApplicationEventMulticaster.multicastEvent(SimpleApplicationEventMulticaster.java:127)
	at org.springframework.boot.context.event.EventPublishingRunListener.environmentPrepared(EventPublishingRunListener.java:74)
	at org.springframework.boot.SpringApplicationRunListeners.environmentPrepared(SpringApplicationRunListeners.java:54)
	at org.springframework.boot.SpringApplication.prepareEnvironment(SpringApplication.java:364)
	at org.springframework.boot.SpringApplication.run(SpringApplication.java:323)
	at org.springframework.boot.test.context.SpringBootContextLoader.loadContext(SpringBootContextLoader.java:139)
	at org.springframework.test.context.cache.DefaultCacheAwareContextLoaderDelegate.loadContextInternal(DefaultCacheAwareContextLoaderDelegate.java:99)
	at org.springframework.test.context.cache.DefaultCacheAwareContextLoaderDelegate.loadContext(DefaultCacheAwareContextLoaderDelegate.java:117)
	at org.springframework.test.context.support.DefaultTestContext.getApplicationContext(DefaultTestContext.java:108)
	at org.springframework.test.context.web.ServletTestExecutionListener.setUpRequestContextIfNecessary(ServletTestExecutionListener.java:190)
	at org.springframework.test.context.web.ServletTestExecutionListener.prepareTestInstance(ServletTestExecutionListener.java:132)
	at org.springframework.test.context.TestContextManager.prepareTestInstance(TestContextManager.java:246)
	at org.springframework.test.context.junit4.SpringJUnit4ClassRunner.createTest(SpringJUnit4ClassRunner.java:227)
	at org.springframework.test.context.junit4.SpringJUnit4ClassRunner$1.runReflectiveCall(SpringJUnit4ClassRunner.java:289)
	at org.junit.internal.runners.model.ReflectiveCallable.run(ReflectiveCallable.java:12)
	at org.springframework.test.context.junit4.SpringJUnit4ClassRunner.methodBlock(SpringJUnit4ClassRunner.java:291)
	at org.springframework.test.context.junit4.SpringJUnit4ClassRunner.runChild(SpringJUnit4ClassRunner.java:246)
	at org.springframework.test.context.junit4.SpringJUnit4ClassRunner.runChild(SpringJUnit4ClassRunner.java:97)
	at org.junit.runners.ParentRunner$3.run(ParentRunner.java:290)
	at org.junit.runners.ParentRunner$1.schedule(ParentRunner.java:71)
	at org.junit.runners.ParentRunner.runChildren(ParentRunner.java:288)
	at org.junit.runners.ParentRunner.access$000(ParentRunner.java:58)
	at org.junit.runners.ParentRunner$2.evaluate(ParentRunner.java:268)
	at org.springframework.test.context.junit4.statements.RunBeforeTestClassCallbacks.evaluate(RunBeforeTestClassCallbacks.java:61)
	at org.springframework.test.context.junit4.statements.RunAfterTestClassCallbacks.evaluate(RunAfterTestClassCallbacks.java:70)
	at org.junit.runners.ParentRunner.run(ParentRunner.java:363)
	at org.springframework.test.context.junit4.SpringJUnit4ClassRunner.run(SpringJUnit4ClassRunner.java:190)
	at org.apache.maven.surefire.junit4.JUnit4Provider.execute(JUnit4Provider.java:252)
	at org.apache.maven.surefire.junit4.JUnit4Provider.executeTestSet(JUnit4Provider.java:141)
	at org.apache.maven.surefire.junit4.JUnit4Provider.invoke(JUnit4Provider.java:112)
	at sun.reflect.NativeMethodAccessorImpl.invoke0(Native Method)
	at sun.reflect.NativeMethodAccessorImpl.invoke(NativeMethodAccessorImpl.java:62)
	at sun.reflect.DelegatingMethodAccessorImpl.invoke(DelegatingMethodAccessorImpl.java:43)
	at java.lang.reflect.Method.invoke(Method.java:498)
	at org.apache.maven.surefire.util.ReflectionUtils.invokeMethodWithArray(ReflectionUtils.java:189)
	at org.apache.maven.surefire.booter.ProviderFactory$ProviderProxy.invoke(ProviderFactory.java:165)
	at org.apache.maven.surefire.booter.ProviderFactory.invokeProvider(ProviderFactory.java:85)
	at org.apache.maven.surefire.booter.ForkedBooter.runSuitesInProcess(ForkedBooter.java:115)
	at org.apache.maven.surefire.booter.ForkedBooter.main(ForkedBooter.java:75)
2019-09-05 22:49:23.977 ----&gt; [main] ---&gt; WARN  com.netflix.discovery.DiscoveryClient - Using default backup registry implementation which does not do anything.
2019-09-05 22:49:23.978 ----&gt; [main] ---&gt; INFO  com.netflix.discovery.DiscoveryClient - Not registering with Eureka server per configuration
2019-09-05 22:49:23.981 ----&gt; [main] ---&gt; INFO  com.netflix.discovery.DiscoveryClient - Discovery Client initialized at timestamp 1567694963980 with initial instances count: 0

  .   ____          _            __ _ _
 /\\ / ___&apos;_ __ _ _(_)_ __  __ _ \ \ \ \
( ( )\___ | &apos;_ | &apos;_| | &apos;_ \/ _` | \ \ \ \
 \\/  ___)| |_)| | | | | || (_| |  ) ) ) )
  &apos;  |____| .__|_| |_|_| |_\__, | / / / /
 =========|_|==============|___/=/_/_/_/
 :: Spring Boot ::        (v2.0.5.RELEASE)

2019-09-05 22:49:26.074 ----&gt; [main] ---&gt; INFO  com.wyz.hrm.MyTest - The following profiles are active: dev
2019-09-05 22:49:26.665 ----&gt; [main] ---&gt; WARN  org.mybatis.spring.mapper.ClassPathMapperScanner - Skipping MapperFactoryBean with name &apos;departmentMapper&apos; and &apos;com.wyz.hrm.mapper.DepartmentMapper&apos; mapperInterface. Bean already defined with the same name!
2019-09-05 22:49:26.666 ----&gt; [main] ---&gt; WARN  org.mybatis.spring.mapper.ClassPathMapperScanner - Skipping MapperFactoryBean with name &apos;employeeMapper&apos; and &apos;com.wyz.hrm.mapper.EmployeeMapper&apos; mapperInterface. Bean already defined with the same name!
2019-09-05 22:49:26.666 ----&gt; [main] ---&gt; WARN  org.mybatis.spring.mapper.ClassPathMapperScanner - Skipping MapperFactoryBean with name &apos;mealMapper&apos; and &apos;com.wyz.hrm.mapper.MealMapper&apos; mapperInterface. Bean already defined with the same name!
2019-09-05 22:49:26.667 ----&gt; [main] ---&gt; WARN  org.mybatis.spring.mapper.ClassPathMapperScanner - Skipping MapperFactoryBean with name &apos;menuMapper&apos; and &apos;com.wyz.hrm.mapper.MenuMapper&apos; mapperInterface. Bean already defined with the same name!
2019-09-05 22:49:26.667 ----&gt; [main] ---&gt; WARN  org.mybatis.spring.mapper.ClassPathMapperScanner - Skipping MapperFactoryBean with name &apos;permissionMapper&apos; and &apos;com.wyz.hrm.mapper.PermissionMapper&apos; mapperInterface. Bean already defined with the same name!
2019-09-05 22:49:26.667 ----&gt; [main] ---&gt; WARN  org.mybatis.spring.mapper.ClassPathMapperScanner - Skipping MapperFactoryBean with name &apos;roleMapper&apos; and &apos;com.wyz.hrm.mapper.RoleMapper&apos; mapperInterface. Bean already defined with the same name!
2019-09-05 22:49:26.667 ----&gt; [main] ---&gt; WARN  org.mybatis.spring.mapper.ClassPathMapperScanner - Skipping MapperFactoryBean with name &apos;systemdictionaryitemMapper&apos; and &apos;com.wyz.hrm.mapper.SystemdictionaryitemMapper&apos; mapperInterface. Bean already defined with the same name!
2019-09-05 22:49:26.668 ----&gt; [main] ---&gt; WARN  org.mybatis.spring.mapper.ClassPathMapperScanner - Skipping MapperFactoryBean with name &apos;systemdictionaryMapper&apos; and &apos;com.wyz.hrm.mapper.SystemdictionaryMapper&apos; mapperInterface. Bean already defined with the same name!
2019-09-05 22:49:26.668 ----&gt; [main] ---&gt; WARN  org.mybatis.spring.mapper.ClassPathMapperScanner - Skipping MapperFactoryBean with name &apos;tenantMapper&apos; and &apos;com.wyz.hrm.mapper.TenantMapper&apos; mapperInterface. Bean already defined with the same name!
2019-09-05 22:49:26.668 ----&gt; [main] ---&gt; WARN  org.mybatis.spring.mapper.ClassPathMapperScanner - Skipping MapperFactoryBean with name &apos;tenantTypeMapper&apos; and &apos;com.wyz.hrm.mapper.TenantTypeMapper&apos; mapperInterface. Bean already defined with the same name!
2019-09-05 22:49:26.668 ----&gt; [main] ---&gt; WARN  org.mybatis.spring.mapper.ClassPathMapperScanner - No MyBatis mapper was found in &apos;[com.wyz.hrm.mapper]&apos; package. Please check your configuration.
</system-out>
  </testcase>
</testsuite>